#
# A fatal error has been detected by the Java Runtime Environment:
#
#  EXCEPTION_ACCESS_VIOLATION (0xc0000005) at pc=0x000000005fc6c3a7, pid=15024, tid=0x00000000000059f0
#
# JRE version: OpenJDK Runtime Environment (8.0_212-b04) (build 1.8.0_212-3-redhat-b04)
# Java VM: OpenJDK 64-Bit Server VM (25.212-b04 mixed mode windows-amd64 compressed oops)
# Problematic frame:
# V  [jvm.dll+0x12c3a7]
#
# Failed to write core dump. Minidumps are not enabled by default on client versions of Windows
#
# If you would like to submit a bug report, please visit:
#   
#

---------------  T H R E A D  ---------------

Current thread (0x0000000020346800):  JavaThread "AWT-EventQueue-0" [_thread_in_vm, id=23024, stack(0x0000000021cd0000,0x0000000021dd0000)]

siginfo: ExceptionCode=0xc0000005, reading address 0x0000000000000000

Registers:
RAX=0x0000000000000000, RBX=0x0000000020346800, RCX=0x0000000000000680, RDX=0x0000000021dcde00
RSP=0x0000000021dcd930, RBP=0x0000000000000000, RSI=0x0000000021dcde00, RDI=0x0000000020346a01
R8 =0x0000000000000000, R9 =0x000000076c6beb18, R10=0x000000000000000c, R11=0x0000000060372d58
R12=0x0000000021dcde38, R13=0x0000000000000000, R14=0x000000002b054fa0, R15=0x0000000020346a68
RIP=0x000000005fc6c3a7, EFLAGS=0x0000000000010206

Top of Stack: (sp=0x0000000021dcd930)
0x0000000021dcd930:   00003696c31444f4 0000000020346a68
0x0000000021dcd940:   0000000000000000 fffffffffffffffe
0x0000000021dcd950:   0000000020346a68 00007ff975754943
0x0000000021dcd960:   0000000021dcde00 0000000021dcdb00
0x0000000021dcd970:   0000000021dcde00 00007ff974d988de
0x0000000021dcd980:   fffffffffffffffe 0000000021dcdc40
0x0000000021dcd990:   0000000020346a68 00007ff974d990c0
0x0000000021dcd9a0:   0000000021dcde00 0000000021dcde00
0x0000000021dcd9b0:   0000055100000a00 0000000000000000
0x0000000021dcd9c0:   0000369600010004 00007ff9a5cb1070
0x0000000021dcd9d0:   00007ff9a5cb106a 00007ff9a5cb1064
0x0000000021dcd9e0:   00007ff9a5cb105e 00007ff9a5cb1058
0x0000000021dcd9f0:   000000002d387160 00007ff974d63029
0x0000000021dcda00:   000000000087ed30 0000000021dcda30
0x0000000021dcda10:   0000000021dcde00 000000002d387160
0x0000000021dcda20:   0000000000000079 000000001dcb3290 

Instructions: (pc=0x000000005fc6c3a7)
0x000000005fc6c387:   00 00 00 30 74 08 48 8b cb e8 0b 2b 10 00 c7 83
0x000000005fc6c397:   e0 02 00 00 06 00 00 00 40 b7 01 48 85 f6 74 60
0x000000005fc6c3a7:   48 8b 4d 00 40 32 ff e8 9d 96 f1 ff 48 8b d0 48
0x000000005fc6c3b7:   85 c0 74 4c 40 38 3d ef 59 70 00 4c 8b 06 74 16 


Register to memory mapping:

RAX=0x0000000000000000 is an unknown value
RBX=0x0000000020346800 is a thread
RCX=0x0000000000000680 is an unknown value
RDX=0x0000000021dcde00 is pointing into the stack for thread: 0x0000000020346800
RSP=0x0000000021dcd930 is pointing into the stack for thread: 0x0000000020346800
RBP=0x0000000000000000 is an unknown value
RSI=0x0000000021dcde00 is pointing into the stack for thread: 0x0000000020346800
RDI=0x0000000020346a01 is an unknown value
R8 =0x0000000000000000 is an unknown value
R9 =0x000000076c6beb18 is an oop
java.awt.Rectangle 
 - klass: 'java/awt/Rectangle'
R10=0x000000000000000c is an unknown value
R11=0x0000000060372d58 is an unknown value
R12=0x0000000021dcde38 is pointing into the stack for thread: 0x0000000020346800
R13=0x0000000000000000 is an unknown value
R14=0x000000002b054fa0 is an unknown value
R15=0x0000000020346a68 is an unknown value


Stack: [0x0000000021cd0000,0x0000000021dd0000],  sp=0x0000000021dcd930,  free space=1014k
Native frames: (J=compiled Java code, j=interpreted, Vv=VM code, C=native code)

Java frames: (J=compiled Java code, j=interpreted, Vv=VM code)
j  org.cef.browser.CefBrowser_N.N_CreateBrowser(Lorg/cef/handler/CefClientHandler;JLjava/lang/String;ZZLjava/awt/Component;Lorg/cef/browser/CefRequestContext;)Z+0
j  org.cef.browser.CefBrowser_N.createBrowser(Lorg/cef/handler/CefClientHandler;JLjava/lang/String;ZZLjava/awt/Component;Lorg/cef/browser/CefRequestContext;)V+32
j  org.cef.browser.CefBrowserWr.createBrowserIfRequired(Z)Z+107
j  org.cef.browser.CefBrowserWr.access$000(Lorg/cef/browser/CefBrowserWr;Z)Z+2
j  org.cef.browser.CefBrowserWr$1$1.run()V+8
j  java.awt.event.InvocationEvent.dispatch()V+47
j  java.awt.EventQueue.dispatchEventImpl(Ljava/awt/AWTEvent;Ljava/lang/Object;)V+21
j  java.awt.EventQueue.access$500(Ljava/awt/EventQueue;Ljava/awt/AWTEvent;Ljava/lang/Object;)V+3
j  java.awt.EventQueue$3.run()Ljava/lang/Void;+32
j  java.awt.EventQueue$3.run()Ljava/lang/Object;+1
v  ~StubRoutines::call_stub
j  java.security.AccessController.doPrivileged(Ljava/security/PrivilegedAction;Ljava/security/AccessControlContext;)Ljava/lang/Object;+0
j  java.security.ProtectionDomain$JavaSecurityAccessImpl.doIntersectionPrivilege(Ljava/security/PrivilegedAction;Ljava/security/AccessControlContext;Ljava/security/AccessControlContext;)Ljava/lang/Object;+18
j  java.awt.EventQueue.dispatchEvent(Ljava/awt/AWTEvent;)V+46
j  java.awt.EventDispatchThread.pumpOneEventForFilters(I)V+140
j  java.awt.EventDispatchThread.pumpEventsForFilter(ILjava/awt/Conditional;Ljava/awt/EventFilter;)V+35
j  java.awt.EventDispatchThread.pumpEventsForHierarchy(ILjava/awt/Conditional;Ljava/awt/Component;)V+11
j  java.awt.EventDispatchThread.pumpEvents(ILjava/awt/Conditional;)V+4
j  java.awt.EventDispatchThread.pumpEvents(Ljava/awt/Conditional;)V+3
j  java.awt.EventDispatchThread.run()V+9
v  ~StubRoutines::call_stub

---------------  P R O C E S S  ---------------

Java Threads: ( => current thread )
  0x00000000208da000 JavaThread "TimerQueue" daemon [_thread_blocked, id=31604, stack(0x000000002e0c0000,0x000000002e1c0000)]
  0x00000000208d8800 JavaThread "D3D Screen Updater" daemon [_thread_blocked, id=8368, stack(0x000000002ddc0000,0x000000002dec0000)]
  0x00000000208b0800 JavaThread "Thread-4" [_thread_blocked, id=19412, stack(0x000000002db20000,0x000000002dc20000)]
  0x00000000029ce000 JavaThread "DestroyJavaVM" [_thread_blocked, id=14556, stack(0x0000000002860000,0x0000000002960000)]
=>0x0000000020346800 JavaThread "AWT-EventQueue-0" [_thread_in_vm, id=23024, stack(0x0000000021cd0000,0x0000000021dd0000)]
  0x000000002009e800 JavaThread "AWT-Windows" daemon [_thread_in_native, id=22604, stack(0x00000000219d0000,0x0000000021ad0000)]
  0x000000001ff99000 JavaThread "AWT-Shutdown" [_thread_blocked, id=30928, stack(0x00000000218d0000,0x00000000219d0000)]
  0x000000002034f000 JavaThread "Java2D Disposer" daemon [_thread_blocked, id=30456, stack(0x00000000217d0000,0x00000000218d0000)]
  0x000000001dd80800 JavaThread "Service Thread" daemon [_thread_blocked, id=28992, stack(0x000000001fa90000,0x000000001fb90000)]
  0x000000001dcbb000 JavaThread "C1 CompilerThread3" daemon [_thread_blocked, id=26128, stack(0x000000001f990000,0x000000001fa90000)]
  0x000000001dcb8000 JavaThread "C2 CompilerThread2" daemon [_thread_blocked, id=20484, stack(0x000000001f890000,0x000000001f990000)]
  0x000000001dcb4000 JavaThread "C2 CompilerThread1" daemon [_thread_blocked, id=22308, stack(0x000000001f790000,0x000000001f890000)]
  0x000000001dcb1800 JavaThread "C2 CompilerThread0" daemon [_thread_blocked, id=21624, stack(0x000000001f690000,0x000000001f790000)]
  0x000000001dcae000 JavaThread "Monitor Ctrl-Break" daemon [_thread_in_native, id=34196, stack(0x000000001f590000,0x000000001f690000)]
  0x000000001dbd3800 JavaThread "Attach Listener" daemon [_thread_blocked, id=18472, stack(0x000000001f490000,0x000000001f590000)]
  0x000000001dbe1800 JavaThread "Signal Dispatcher" daemon [_thread_blocked, id=35708, stack(0x000000001f390000,0x000000001f490000)]
  0x000000001db61800 JavaThread "Finalizer" daemon [_thread_blocked, id=28396, stack(0x000000001f290000,0x000000001f390000)]
  0x000000001db5a800 JavaThread "Reference Handler" daemon [_thread_blocked, id=8316, stack(0x000000001f190000,0x000000001f290000)]

Other Threads:
  0x000000001c94e800 VMThread [stack: 0x000000001f090000,0x000000001f190000] [id=33608]
  0x000000001dd83000 WatcherThread [stack: 0x000000001fb90000,0x000000001fc90000] [id=31688]

VM state:not at safepoint (normal execution)

VM Mutex/Monitor currently owned by a thread: None

heap address: 0x00000006c0c00000, size: 4084 MB, Compressed Oops mode: Zero based, Oop shift amount: 3
Narrow klass base: 0x0000000000000000, Narrow klass shift: 3
Compressed class space size: 1073741824 Address: 0x00000007c0000000

Heap:
 PSYoungGen      total 76288K, used 27753K [0x000000076af00000, 0x0000000770400000, 0x00000007c0000000)
  eden space 65536K, 42% used [0x000000076af00000,0x000000076ca1a608,0x000000076ef00000)
  from space 10752K, 0% used [0x000000076f980000,0x000000076f980000,0x0000000770400000)
  to   space 10752K, 0% used [0x000000076ef00000,0x000000076ef00000,0x000000076f980000)
 ParOldGen       total 175104K, used 0K [0x00000006c0c00000, 0x00000006cb700000, 0x000000076af00000)
  object space 175104K, 0% used [0x00000006c0c00000,0x00000006c0c00000,0x00000006cb700000)
 Metaspace       used 11579K, capacity 11856K, committed 12160K, reserved 1060864K
  class space    used 1253K, capacity 1371K, committed 1408K, reserved 1048576K

Card table byte_map: [0x0000000012050000,0x0000000012850000] byte_map_base: 0x000000000ea4a000

Marking Bits: (ParMarkBitMap*) 0x000000006037bec0
 Begin Bits: [0x00000000137b0000, 0x0000000017780000)
 End Bits:   [0x0000000017780000, 0x000000001b750000)

Polling page: 0x00000000003c0000

CodeCache: size=245760Kb used=2770Kb max_used=2773Kb free=242989Kb
 bounds [0x0000000002c90000, 0x0000000002f50000, 0x0000000011c90000]
 total_blobs=1138 nmethods=664 adapters=388
 compilation: enabled

Compilation events (250 events):
Event: 3.024 Thread 0x000000001dcbb000 nmethod 533 0x0000000002ee7a50 code [0x0000000002ee7e20, 0x0000000002eea5c8]
Event: 3.024 Thread 0x000000001dcbb000  534       1       java.util.logging.LogManager$LoggerContext::getOwner (5 bytes)
Event: 3.024 Thread 0x000000001dcbb000 nmethod 534 0x0000000002ee5d10 code [0x0000000002ee5e60, 0x0000000002ee5f70]
Event: 3.024 Thread 0x000000001dcbb000  535  s    1       java.util.Vector::size (5 bytes)
Event: 3.024 Thread 0x000000001dcbb000 nmethod 535 0x0000000002ee58d0 code [0x0000000002ee5a20, 0x0000000002ee5c90]
Event: 3.026 Thread 0x000000001dcbb000  536       1       java.io.ExpiringCache$Entry::val (5 bytes)
Event: 3.026 Thread 0x000000001dcbb000 nmethod 536 0x0000000002ee53d0 code [0x0000000002ee5520, 0x0000000002ee5630]
Event: 3.028 Thread 0x000000001dcbb000  537       1       sun.util.locale.BaseLocale::getLanguage (5 bytes)
Event: 3.028 Thread 0x000000001dcbb000 nmethod 537 0x0000000002eed950 code [0x0000000002eedaa0, 0x0000000002eedbb0]
Event: 3.028 Thread 0x000000001dcbb000  538   !   3       java.io.BufferedReader::readLine (304 bytes)
Event: 3.029 Thread 0x000000001dcbb000 nmethod 538 0x0000000002eeebd0 code [0x0000000002eeee60, 0x0000000002ef05c8]
Event: 3.032 Thread 0x000000001dcbb000  539       3       java.util.Properties::getProperty (46 bytes)
Event: 3.032 Thread 0x000000001dcbb000 nmethod 539 0x0000000002ef42d0 code [0x0000000002ef4460, 0x0000000002ef4918]
Event: 3.032 Thread 0x000000001dcbb000  540       3       java.util.ArrayList$Itr::hasNext (20 bytes)
Event: 3.032 Thread 0x000000001dcbb000 nmethod 540 0x0000000002ef4a10 code [0x0000000002ef4b60, 0x0000000002ef4d30]
Event: 3.033 Thread 0x000000001dcbb000  541       3       java.util.ArrayList$Itr::checkForComodification (23 bytes)
Event: 3.033 Thread 0x000000001dcbb000 nmethod 541 0x0000000002ef4fd0 code [0x0000000002ef5140, 0x0000000002ef5368]
Event: 3.033 Thread 0x000000001dcbb000  543       3       java.util.ArrayList$Itr::next (66 bytes)
Event: 3.033 Thread 0x000000001dcbb000 nmethod 543 0x0000000002ef5450 code [0x0000000002ef5600, 0x0000000002ef5ae8]
Event: 3.033 Thread 0x000000001dcbb000  542       1       java.util.logging.Logger::getName (5 bytes)
Event: 3.033 Thread 0x000000001dcbb000 nmethod 542 0x0000000002ef5d50 code [0x0000000002ef5ea0, 0x0000000002ef5fb0]
Event: 3.037 Thread 0x000000001dcbb000  544       3       java.lang.invoke.MemberName::initResolved (53 bytes)
Event: 3.037 Thread 0x000000001dcbb000 nmethod 544 0x0000000002ef74d0 code [0x0000000002ef7620, 0x0000000002ef77f0]
Event: 3.037 Thread 0x000000001dcbb000  545       3       java.util.AbstractMap::<init> (5 bytes)
Event: 3.037 Thread 0x000000001dcbb000 nmethod 545 0x0000000002ef7850 code [0x0000000002ef79a0, 0x0000000002ef7b50]
Event: 3.047 Thread 0x000000001dcbb000  546       3       java.lang.invoke.MethodType::insertParameterTypes (106 bytes)
Event: 3.048 Thread 0x000000001dcbb000 nmethod 546 0x0000000002ef7d90 code [0x0000000002ef8040, 0x0000000002ef9368]
Event: 3.048 Thread 0x000000001dcbb000  547       3       java.lang.invoke.MemberName::getName (25 bytes)
Event: 3.048 Thread 0x000000001dcbb000 nmethod 547 0x0000000002ef9e10 code [0x0000000002ef9fa0, 0x0000000002efa3e8]
Event: 3.051 Thread 0x000000001dcbb000  549       1       sun.misc.URLClassPath$JarLoader::access$700 (5 bytes)
Event: 3.051 Thread 0x000000001dcbb000 nmethod 549 0x0000000002efa710 code [0x0000000002efa860, 0x0000000002efa950]
Event: 3.052 Thread 0x000000001dcbb000  550       3       java.util.zip.ZipEntry::<init> (146 bytes)
Event: 3.052 Thread 0x000000001dcbb000 nmethod 550 0x0000000002efa9d0 code [0x0000000002efab60, 0x0000000002efafa8]
Event: 3.052 Thread 0x000000001dcbb000  551       3       java.util.AbstractList::<init> (10 bytes)
Event: 3.052 Thread 0x000000001dcbb000 nmethod 551 0x0000000002efb150 code [0x0000000002efb2c0, 0x0000000002efb4d0]
Event: 3.052 Thread 0x000000001dcb8000  552       4       java.util.concurrent.ConcurrentHashMap::setTabAt (19 bytes)
Event: 3.052 Thread 0x000000001dcb8000 nmethod 552 0x0000000002efe210 code [0x0000000002efe340, 0x0000000002efe398]
Event: 3.053 Thread 0x000000001dcbb000  553       3       java.lang.String::equalsIgnoreCase (48 bytes)
Event: 3.053 Thread 0x000000001dcbb000 nmethod 553 0x0000000002efdc10 code [0x0000000002efdd80, 0x0000000002efe0e8]
Event: 3.057 Thread 0x000000001dcbb000  554       3       org.cef.CefApp$7::accept (33 bytes)
Event: 3.057 Thread 0x000000001dcb1800  555       4       java.lang.String::equalsIgnoreCase (48 bytes)
Event: 3.057 Thread 0x000000001dcbb000 nmethod 554 0x0000000002efd510 code [0x0000000002efd6a0, 0x0000000002efdb08]
Event: 3.060 Thread 0x000000001dcb4000 nmethod 529 0x0000000002f03690 code [0x0000000002f03920, 0x0000000002f07408]
Event: 3.061 Thread 0x000000001dcb8000  556       4       org.cef.CefApp$7::accept (33 bytes)
Event: 3.061 Thread 0x000000001dcb1800 nmethod 555 0x0000000002f00910 code [0x0000000002f00a80, 0x0000000002f010f8]
Event: 3.064 Thread 0x000000001dcbb000  557       3       java.util.Arrays::copyOf (46 bytes)
Event: 3.065 Thread 0x000000001dcbb000 nmethod 557 0x0000000002f02c50 code [0x0000000002f02e00, 0x0000000002f034a8]
Event: 3.068 Thread 0x000000001dcbb000  558       3       java.io.WinNTFileSystem::resolve (231 bytes)
Event: 3.068 Thread 0x000000001dcbb000 nmethod 558 0x0000000002f09010 code [0x0000000002f092e0, 0x0000000002f0ab68]
Event: 3.077 Thread 0x000000001dcb8000 nmethod 556 0x0000000002f0e110 code [0x0000000002f0e2e0, 0x0000000002f0f5b8]
Event: 3.151 Thread 0x000000001dcbb000  560       3       java.nio.DirectLongBufferU::get (16 bytes)
Event: 3.151 Thread 0x000000001dcbb000 nmethod 560 0x0000000002f023d0 code [0x0000000002f02540, 0x0000000002f027b0]
Event: 3.151 Thread 0x000000001dcbb000  561       3       java.nio.DirectLongBufferU::put (18 bytes)
Event: 3.151 Thread 0x000000001dcbb000 nmethod 561 0x0000000002f01ed0 code [0x0000000002f02040, 0x0000000002f022b0]
Event: 3.152 Thread 0x000000001dcbb000  562       3       sun.misc.URLClassPath::getResource (83 bytes)
Event: 3.152 Thread 0x000000001dcb4000  563       4       java.io.WinNTFileSystem::normalize (143 bytes)
Event: 3.152 Thread 0x000000001dcbb000 nmethod 562 0x0000000002efce10 code [0x0000000002efcfa0, 0x0000000002efd368]
Event: 3.152 Thread 0x000000001dcbb000  564   !   3       java.util.zip.ZipFile$ZipFileInputStream::close (110 bytes)
Event: 3.152 Thread 0x000000001dcbb000 nmethod 564 0x0000000002efc090 code [0x0000000002efc240, 0x0000000002efca78]
Event: 3.154 Thread 0x000000001dcb1800  567       4       java.lang.String::getChars (62 bytes)
Event: 3.154 Thread 0x000000001dcbb000  568       1       java.util.logging.LogManager::access$500 (5 bytes)
Event: 3.154 Thread 0x000000001dcbb000 nmethod 568 0x0000000002f00250 code [0x0000000002f003a0, 0x0000000002f00490]
Event: 3.155 Thread 0x000000001dcb1800 nmethod 567 0x0000000002efe910 code [0x0000000002efea60, 0x0000000002efebd8]
Event: 3.155 Thread 0x000000001dcbb000  569       3       java.util.logging.LogManager::getProperty (9 bytes)
Event: 3.155 Thread 0x000000001dcb4000 nmethod 563 0x0000000002f0bdd0 code [0x0000000002f0bf40, 0x0000000002f0c348]
Event: 3.155 Thread 0x000000001dcbb000 nmethod 569 0x0000000002efe510 code [0x0000000002efe680, 0x0000000002efe828]
Event: 3.156 Thread 0x000000001dcbb000  570       1       java.security.CodeSource::getLocation (5 bytes)
Event: 3.156 Thread 0x000000001dcbb000 nmethod 570 0x0000000002f0b8d0 code [0x0000000002f0ba20, 0x0000000002f0bb30]
Event: 3.157 Thread 0x000000001dcbb000  571       3       java.util.jar.JarFile::maybeInstantiateVerifier (96 bytes)
Event: 3.157 Thread 0x000000001dcbb000 nmethod 571 0x0000000002efed50 code [0x0000000002efef80, 0x0000000002effc48]
Event: 3.160 Thread 0x000000001dcb8000  572  s!   4       sun.misc.URLClassPath::getLoader (243 bytes)
Event: 3.160 Thread 0x000000001dcbb000  574       3       java.net.URLStreamHandler::setURL (40 bytes)
Event: 3.161 Thread 0x000000001dcbb000 nmethod 574 0x0000000002f0d190 code [0x0000000002f0d320, 0x0000000002f0d6d8]
Event: 3.161 Thread 0x000000001dcbb000  573  s    3       sun.misc.URLClassPath::getLookupCache (98 bytes)
Event: 3.161 Thread 0x000000001dcbb000 nmethod 573 0x0000000002f0c910 code [0x0000000002f0caa0, 0x0000000002f0d018]
Event: 3.161 Thread 0x000000001dcbb000  575   !   3       java.util.logging.LogManager::ensureLogManagerInitialized (128 bytes)
Event: 3.162 Thread 0x000000001dcbb000 nmethod 575 0x0000000002f113d0 code [0x0000000002f11580, 0x0000000002f11c08]
Event: 3.163 Thread 0x000000001dcbb000  576       1       java.util.logging.Level::intValue (5 bytes)
Event: 3.163 Thread 0x000000001dcbb000 nmethod 576 0x0000000002f12810 code [0x0000000002f12960, 0x0000000002f12a70]
Event: 3.164 Thread 0x000000001dcbb000  577       3       java.util.HashMap$HashIterator::nextNode (100 bytes)
Event: 3.164 Thread 0x000000001dcbb000 nmethod 577 0x0000000002f12ad0 code [0x0000000002f12c80, 0x0000000002f13178]
Event: 3.164 Thread 0x000000001dcbb000  580       3       java.lang.String::compareTo (9 bytes)
Event: 3.164 Thread 0x000000001dcb1800  579       4       java.lang.Math::min (11 bytes)
Event: 3.164 Thread 0x000000001dcbb000 nmethod 580 0x0000000002f13390 code [0x0000000002f13500, 0x0000000002f137e8]
Event: 3.164 Thread 0x000000001dcbb000  578       3       java.util.HashMap$KeyIterator::next (8 bytes)
Event: 3.164 Thread 0x000000001dcbb000 nmethod 578 0x0000000002f13890 code [0x0000000002f13a00, 0x0000000002f13c08]
Event: 3.164 Thread 0x000000001dcbb000  581       3       java.lang.String::compareTo (78 bytes)
Event: 3.164 Thread 0x000000001dcb1800 nmethod 579 0x0000000002f16910 code [0x0000000002f16a40, 0x0000000002f16a98]
Event: 3.164 Thread 0x000000001dcbb000 nmethod 581 0x0000000002f16210 code [0x0000000002f16380, 0x0000000002f166f0]
Event: 3.164 Thread 0x000000001dcbb000  582       1       java.util.HashMap$Node::getValue (5 bytes)
Event: 3.164 Thread 0x000000001dcbb000 nmethod 582 0x0000000002f15f50 code [0x0000000002f160a0, 0x0000000002f161b0]
Event: 3.165 Thread 0x000000001dcbb000  583       3       java.util.HashMap::afterNodeAccess (1 bytes)
Event: 3.165 Thread 0x000000001dcbb000 nmethod 583 0x0000000002f15c50 code [0x0000000002f15da0, 0x0000000002f15ef0]
Event: 3.165 Thread 0x000000001dcbb000  584       3       java.lang.Math::max (11 bytes)
Event: 3.165 Thread 0x000000001dcbb000 nmethod 584 0x0000000002f15910 code [0x0000000002f15a60, 0x0000000002f15bf0]
Event: 3.165 Thread 0x000000001dcbb000  587       3       java.util.HashSet::add (20 bytes)
Event: 3.165 Thread 0x000000001dcbb000 nmethod 587 0x0000000002f15450 code [0x0000000002f155c0, 0x0000000002f15848]
Event: 3.165 Thread 0x000000001dcbb000  585       3       java.util.AbstractSet::<init> (5 bytes)
Event: 3.165 Thread 0x000000001dcbb000 nmethod 585 0x0000000002f15010 code [0x0000000002f15180, 0x0000000002f15390]
Event: 3.165 Thread 0x000000001dcbb000  586       1       java.util.concurrent.atomic.AtomicInteger::get (5 bytes)
Event: 3.165 Thread 0x000000001dcbb000 nmethod 586 0x0000000002f14d50 code [0x0000000002f14ea0, 0x0000000002f14fb0]
Event: 3.165 Thread 0x000000001dcbb000  588       3       java.util.IdentityHashMap$IdentityHashMapIterator::hasNext (50 bytes)
Event: 3.165 Thread 0x000000001dcbb000 nmethod 588 0x0000000002f14850 code [0x0000000002f149c0, 0x0000000002f14c50]
Event: 3.165 Thread 0x000000001dcbb000  590       3       java.util.HashMap::resize (359 bytes)
Event: 3.166 Thread 0x000000001dcbb000 nmethod 590 0x0000000002f16b10 code [0x0000000002f16d60, 0x0000000002f17fa8]
Event: 3.166 Thread 0x000000001dcbb000  589       3       java.lang.Float::isNaN (12 bytes)
Event: 3.166 Thread 0x000000001dcbb000 nmethod 589 0x0000000002f140d0 code [0x0000000002f14220, 0x0000000002f143d0]
Event: 3.166 Thread 0x000000001dcbb000  591       3       sun.awt.AppContext::getAppContext (51 bytes)
Event: 3.166 Thread 0x000000001dcbb000 nmethod 591 0x0000000002f18710 code [0x0000000002f188c0, 0x0000000002f18f38]
Event: 3.166 Thread 0x000000001dcbb000  592       3       java.util.logging.LogManager$LoggerContext::requiresDefaultLoggers (29 bytes)
Event: 3.167 Thread 0x000000001dcbb000 nmethod 592 0x0000000002f190d0 code [0x0000000002f19240, 0x0000000002f19688]
Event: 3.167 Thread 0x000000001dcbb000  593       3       java.util.logging.LogManager::access$100 (4 bytes)
Event: 3.167 Thread 0x000000001dcbb000 nmethod 593 0x0000000002f13dd0 code [0x0000000002f13f20, 0x0000000002f14050]
Event: 3.173 Thread 0x000000001dcbb000  594       3       java.lang.invoke.MethodType::toMethodDescriptorString (21 bytes)
Event: 3.174 Thread 0x000000001dcbb000 nmethod 594 0x0000000002f19790 code [0x0000000002f199a0, 0x0000000002f1a4b8]
Event: 3.174 Thread 0x000000001dcbb000  595       3       java.lang.invoke.MethodType$ConcurrentWeakInternSet$WeakEntry::equals (49 bytes)
Event: 3.174 Thread 0x000000001dcbb000 nmethod 595 0x0000000002f1ac10 code [0x0000000002f1ada0, 0x0000000002f1b408]
Event: 3.174 Thread 0x000000001dcbb000  596       3       jdk.internal.org.objectweb.asm.Item::<init> (5 bytes)
Event: 3.174 Thread 0x000000001dcbb000 nmethod 596 0x0000000002f1b510 code [0x0000000002f1b660, 0x0000000002f1b810]
Event: 3.174 Thread 0x000000001dcbb000  597       3       jdk.internal.org.objectweb.asm.Label::<init> (5 bytes)
Event: 3.174 Thread 0x000000001dcbb000 nmethod 597 0x0000000002f1b8d0 code [0x0000000002f1ba20, 0x0000000002f1bbd0]
Event: 3.179 Thread 0x000000001dcb8000 nmethod 572 0x0000000002f206d0 code [0x0000000002f20920, 0x0000000002f22290]
Event: 3.179 Thread 0x000000001dcb4000  598  s    4       sun.misc.URLClassPath::getNextLoader (88 bytes)
Event: 3.179 Thread 0x000000001dcbb000  599       1       java.util.HashMap::afterNodeInsertion (1 bytes)
Event: 3.179 Thread 0x000000001dcbb000 nmethod 599 0x0000000002f20410 code [0x0000000002f20560, 0x0000000002f20670]
Event: 3.179 Thread 0x000000001dcbb000  600       3       java.lang.String::toString (2 bytes)
Event: 3.179 Thread 0x000000001dcbb000 nmethod 600 0x0000000002f20110 code [0x0000000002f20260, 0x0000000002f203b0]
Event: 3.179 Thread 0x000000001dcbb000  601       3       sun.util.ResourceBundleEnumeration::hasMoreElements (117 bytes)
Event: 3.179 Thread 0x000000001dcbb000 nmethod 601 0x0000000002f1f290 code [0x0000000002f1f480, 0x0000000002f1fec8]
Event: 3.179 Thread 0x000000001dcbb000  602       3       sun.util.ResourceBundleEnumeration::nextElement (5 bytes)
Event: 3.180 Thread 0x000000001dcbb000 nmethod 602 0x0000000002f1ec50 code [0x0000000002f1ede0, 0x0000000002f1f118]
Event: 3.180 Thread 0x000000001dcb4000 nmethod 598 0x0000000002f1d190 code [0x0000000002f1d2e0, 0x0000000002f1d608]
Event: 3.181 Thread 0x000000001dcbb000  603       3       sun.misc.Launcher$AppClassLoader::loadClass (85 bytes)
Event: 3.181 Thread 0x000000001dcbb000 nmethod 603 0x0000000002f1d850 code [0x0000000002f1da80, 0x0000000002f1e7c8]
Event: 3.181 Thread 0x000000001dcbb000  604  s    3       sun.misc.URLClassPath::knownToNotExist (24 bytes)
Event: 3.181 Thread 0x000000001dcbb000 nmethod 604 0x0000000002f1cb90 code [0x0000000002f1cd00, 0x0000000002f1d0c8]
Event: 3.182 Thread 0x000000001dcbb000  605  s    3       java.lang.StringBuffer::append (13 bytes)
Event: 3.182 Thread 0x000000001dcbb000 nmethod 605 0x0000000002f1c610 code [0x0000000002f1c780, 0x0000000002f1caa8]
Event: 3.183 Thread 0x000000001dcb1800  606       4       java.lang.AbstractStringBuilder::append (50 bytes)
Event: 3.186 Thread 0x000000001dcb1800 nmethod 606 0x0000000002f26c90 code [0x0000000002f26de0, 0x0000000002f27238]
Event: 3.344 Thread 0x000000001dcbb000  607       3       sun.util.logging.PlatformLogger::isLoggable (38 bytes)
Event: 3.344 Thread 0x000000001dcbb000 nmethod 607 0x0000000002f25590 code [0x0000000002f25760, 0x0000000002f25f88]
Event: 3.344 Thread 0x000000001dcbb000  608       3       sun.util.logging.PlatformLogger$JavaLoggerProxy::isLoggable (12 bytes)
Event: 3.344 Thread 0x000000001dcbb000 nmethod 608 0x0000000002f24b10 code [0x0000000002f24ca0, 0x0000000002f25310]
Event: 3.350 Thread 0x000000001dcbb000  609       3       java.lang.AbstractStringBuilder::append (50 bytes)
Event: 3.350 Thread 0x000000001dcbb000 nmethod 609 0x0000000002f275d0 code [0x0000000002f277a0, 0x0000000002f27ef8]
Event: 3.351 Thread 0x000000001dcbb000  610       3       java.util.WeakHashMap::remove (133 bytes)
Event: 3.352 Thread 0x000000001dcbb000 nmethod 610 0x0000000002f28210 code [0x0000000002f28400, 0x0000000002f28ee8]
Event: 3.352 Thread 0x000000001dcbb000  611       3       java.lang.String::concat (47 bytes)
Event: 3.352 Thread 0x000000001dcb8000  613   !   4       sun.misc.URLClassPath$JarLoader::getResource (85 bytes)
Event: 3.352 Thread 0x000000001dcbb000 nmethod 611 0x0000000002f29350 code [0x0000000002f29520, 0x0000000002f29cd8]
Event: 3.352 Thread 0x000000001dcbb000  612       3       java.lang.String::getChars (16 bytes)
Event: 3.353 Thread 0x000000001dcbb000 nmethod 612 0x0000000002f23c10 code [0x0000000002f23d80, 0x0000000002f23f88]
Event: 3.355 Thread 0x000000001dcbb000  614       3       java.lang.Integer::valueOf (32 bytes)
Event: 3.355 Thread 0x000000001dcbb000 nmethod 614 0x0000000002f2a050 code [0x0000000002f2a1c0, 0x0000000002f2a510]
Event: 3.355 Thread 0x000000001dcbb000  615       3       java.lang.Integer::<init> (10 bytes)
Event: 3.355 Thread 0x000000001dcbb000 nmethod 615 0x0000000002f2a6d0 code [0x0000000002f2a840, 0x0000000002f2aa50]
Event: 3.355 Thread 0x000000001dcbb000  616       3       java.lang.Integer::hashCode (8 bytes)
Event: 3.355 Thread 0x000000001dcbb000 nmethod 616 0x0000000002f2ab10 code [0x0000000002f2ac60, 0x0000000002f2ae10]
Event: 3.355 Thread 0x000000001dcbb000  617       3       java.lang.Integer::hashCode (2 bytes)
Event: 3.355 Thread 0x000000001dcbb000 nmethod 617 0x0000000002f23710 code [0x0000000002f23860, 0x0000000002f23990]
Event: 3.356 Thread 0x000000001dcbb000  618       1       java.lang.Integer::intValue (5 bytes)
Event: 3.356 Thread 0x000000001dcbb000 nmethod 618 0x0000000002f2aed0 code [0x0000000002f2b020, 0x0000000002f2b130]
Event: 3.363 Thread 0x000000001dcbb000  619       3       java.lang.invoke.MemberName::isResolved (13 bytes)
Event: 3.363 Thread 0x000000001dcbb000 nmethod 619 0x0000000002f2b190 code [0x0000000002f2b2e0, 0x0000000002f2b490]
Event: 3.363 Thread 0x000000001dcbb000  620       3       jdk.internal.org.objectweb.asm.Label::resolve (214 bytes)
Event: 3.364 Thread 0x000000001dcbb000 nmethod 620 0x0000000002f2b510 code [0x0000000002f2b6a0, 0x0000000002f2bb70]
Event: 3.364 Thread 0x000000001dcbb000  621       3       java.lang.invoke.MemberName::getReferenceKind (12 bytes)
Event: 3.364 Thread 0x000000001dcbb000 nmethod 621 0x0000000002f2bfd0 code [0x0000000002f2c120, 0x0000000002f2c290]
Event: 3.367 Thread 0x000000001dcb8000 nmethod 613 0x0000000002f32810 code [0x0000000002f32a60, 0x0000000002f33db0]
Event: 3.369 Thread 0x000000001dcbb000  622       1       sun.java2d.loops.SurfaceType::getUniqueID (5 bytes)
Event: 3.369 Thread 0x000000001dcbb000 nmethod 622 0x0000000002f2f690 code [0x0000000002f2f7e0, 0x0000000002f2f8f0]
Event: 3.369 Thread 0x000000001dcbb000  623       1       sun.java2d.loops.CompositeType::getUniqueID (5 bytes)
Event: 3.369 Thread 0x000000001dcbb000 nmethod 623 0x0000000002f2f3d0 code [0x0000000002f2f520, 0x0000000002f2f630]
Event: 3.369 Thread 0x000000001dcbb000  624  s    3       sun.java2d.loops.GraphicsPrimitive::makeUniqueID (26 bytes)
Event: 3.370 Thread 0x000000001dcbb000 nmethod 624 0x0000000002f2ec90 code [0x0000000002f2ee00, 0x0000000002f2f290]
Event: 3.370 Thread 0x000000001dcbb000  625       3       sun.java2d.loops.GraphicsPrimitive::<init> (75 bytes)
Event: 3.370 Thread 0x000000001dcbb000 nmethod 625 0x0000000002f354d0 code [0x0000000002f35660, 0x0000000002f35d50]
Event: 3.380 Thread 0x000000001dcbb000  626       3       java.io.FilterInputStream::<init> (10 bytes)
Event: 3.380 Thread 0x000000001dcbb000 nmethod 626 0x0000000002f38190 code [0x0000000002f38300, 0x0000000002f38550]
Event: 3.380 Thread 0x000000001dcbb000  627       3       java.lang.Short::valueOf (37 bytes)
Event: 3.381 Thread 0x000000001dcbb000 nmethod 627 0x0000000002f38650 code [0x0000000002f387c0, 0x0000000002f38b10]
Event: 3.381 Thread 0x000000001dcbb000  628       3       sun.awt.FontConfiguration::getComponentFontID (25 bytes)
Event: 3.381 Thread 0x000000001dcbb000 nmethod 628 0x0000000002f38cd0 code [0x0000000002f38e40, 0x0000000002f39030]
Event: 3.381 Thread 0x000000001dcb1800  629       4       java.lang.StringBuilder::append (8 bytes)
Event: 3.382 Thread 0x000000001dcbb000  630       3       sun.awt.FontConfiguration::getString (53 bytes)
Event: 3.382 Thread 0x000000001dcbb000 nmethod 630 0x0000000002f39390 code [0x0000000002f39520, 0x0000000002f399a8]
Event: 3.382 Thread 0x000000001dcbb000  632       3       java.util.HashSet::contains (9 bytes)
Event: 3.382 Thread 0x000000001dcbb000 nmethod 632 0x0000000002f39bd0 code [0x0000000002f39d40, 0x0000000002f39f68]
Event: 3.382 Thread 0x000000001dcbb000  631       3       sun.awt.FontConfiguration::getComponentFileID (6 bytes)
Event: 3.382 Thread 0x000000001dcbb000 nmethod 631 0x0000000002f3a010 code [0x0000000002f3a160, 0x0000000002f3a2d0]
Event: 3.384 Thread 0x000000001dcb1800 nmethod 629 0x0000000002f3d3d0 code [0x0000000002f3d540, 0x0000000002f3d988]
Event: 3.388 Thread 0x000000001dcbb000  633       1       sun.java2d.loops.GraphicsPrimitive::getUniqueID (5 bytes)
Event: 3.388 Thread 0x000000001dcbb000 nmethod 633 0x0000000002f3cf10 code [0x0000000002f3d060, 0x0000000002f3d170]
Event: 3.388 Thread 0x000000001dcbb000  634       3       sun.java2d.loops.GraphicsPrimitiveMgr$1::compare (39 bytes)
Event: 3.388 Thread 0x000000001dcbb000 nmethod 634 0x0000000002f3c790 code [0x0000000002f3c900, 0x0000000002f3ce10]
Event: 3.388 Thread 0x000000001dcb4000  635       4       sun.java2d.loops.GraphicsPrimitiveMgr$1::compare (39 bytes)
Event: 3.389 Thread 0x000000001dcbb000  636       3       sun.java2d.loops.GraphicsPrimitiveMgr$2::compare (39 bytes)
Event: 3.389 Thread 0x000000001dcbb000 nmethod 636 0x0000000002f3c050 code [0x0000000002f3c1c0, 0x0000000002f3c650]
Event: 3.389 Thread 0x000000001dcbb000  638       3       sun.java2d.loops.GraphicsPrimitiveMgr::locate (104 bytes)
Event: 3.389 Thread 0x000000001dcb4000 nmethod 635 0x0000000002f3a7d0 code [0x0000000002f3a920, 0x0000000002f3aa18]
Event: 3.389 Thread 0x000000001dcbb000 nmethod 638 0x0000000002f3b0d0 code [0x0000000002f3b2c0, 0x0000000002f3bcf8]
Event: 3.389 Thread 0x000000001dcbb000  639       3       java.util.Arrays::binarySearch0 (95 bytes)
Event: 3.389 Thread 0x000000001dcbb000 nmethod 639 0x0000000002f3ed90 code [0x0000000002f3ef20, 0x0000000002f3f358]
Event: 3.389 Thread 0x000000001dcbb000  637       1       sun.java2d.loops.CompositeType::getSuperType (5 bytes)
Event: 3.389 Thread 0x000000001dcbb000 nmethod 637 0x0000000002f3a510 code [0x0000000002f3a660, 0x0000000002f3a770]
Event: 3.389 Thread 0x000000001dcbb000  640       3       java.util.Arrays::binarySearch (10 bytes)
Event: 3.389 Thread 0x000000001dcbb000 nmethod 640 0x0000000002f3ad10 code [0x0000000002f3ae80, 0x0000000002f3b008]
Event: 3.389 Thread 0x000000001dcbb000  641       1       sun.java2d.loops.SurfaceType::getSuperType (5 bytes)
Event: 3.389 Thread 0x000000001dcbb000 nmethod 641 0x0000000002f3ead0 code [0x0000000002f3ec20, 0x0000000002f3ed30]
Event: 3.391 Thread 0x000000001dcbb000  642       1       java.awt.Component::getParent_NoClientCode (5 bytes)
Event: 3.392 Thread 0x000000001dcbb000 nmethod 642 0x0000000002f3e810 code [0x0000000002f3e960, 0x0000000002f3ea70]
Event: 3.392 Thread 0x000000001dcbb000  643       3       java.awt.Component::getTreeLock (4 bytes)
Event: 3.392 Thread 0x000000001dcbb000 nmethod 643 0x0000000002f3e510 code [0x0000000002f3e660, 0x0000000002f3e7b0]
Event: 3.393 Thread 0x000000001dcbb000  644       1       java.awt.Component::getPeer (5 bytes)
Event: 3.393 Thread 0x000000001dcbb000 nmethod 644 0x0000000002f3e250 code [0x0000000002f3e3a0, 0x0000000002f3e4b0]
Event: 3.410 Thread 0x000000001dcbb000  645       3       java.awt.Component::checkTreeLock (21 bytes)
Event: 3.410 Thread 0x000000001dcbb000 nmethod 645 0x0000000002f3fb50 code [0x0000000002f3fce0, 0x0000000002f40038]
Event: 3.418 Thread 0x000000001dcbb000  648       3       sun.util.logging.LoggingSupport::ensureAvailable (17 bytes)
Event: 3.418 Thread 0x000000001dcbb000 nmethod 648 0x0000000002f40750 code [0x0000000002f408a0, 0x0000000002f409f0]
Event: 3.427 Thread 0x000000001dcb8000  650       4       java.lang.Thread::isInterrupted (6 bytes)
Event: 3.427 Thread 0x000000001dcbb000  651       3       java.util.logging.Logger::isLoggable (25 bytes)
Event: 3.428 Thread 0x000000001dcbb000 nmethod 651 0x0000000002f412d0 code [0x0000000002f41440, 0x0000000002f416d0]
Event: 3.428 Thread 0x000000001dcbb000  652       1       java.util.concurrent.locks.AbstractQueuedSynchronizer::getState (5 bytes)
Event: 3.428 Thread 0x000000001dcbb000 nmethod 652 0x0000000002f41790 code [0x0000000002f418e0, 0x0000000002f419f0]
Event: 3.428 Thread 0x000000001dcbb000  653       1       java.util.concurrent.locks.AbstractOwnableSynchronizer::getExclusiveOwnerThread (5 bytes)
Event: 3.428 Thread 0x000000001dcbb000 nmethod 653 0x0000000002f41a50 code [0x0000000002f41ba0, 0x0000000002f41cb0]
Event: 3.428 Thread 0x000000001dcb8000 nmethod 650 0x0000000002f44990 code [0x0000000002f44ae0, 0x0000000002f44b88]
Event: 3.429 Thread 0x000000001dcbb000  654   !   3       sun.awt.AppContext::get (123 bytes)
Event: 3.429 Thread 0x000000001dcbb000 nmethod 654 0x0000000002f43a50 code [0x0000000002f43c00, 0x0000000002f44528]
Event: 3.429 Thread 0x000000001dcbb000  655       1       java.awt.AWTEvent::getID (5 bytes)
Event: 3.429 Thread 0x000000001dcbb000 nmethod 655 0x0000000002f43790 code [0x0000000002f438e0, 0x0000000002f439f0]
Event: 3.430 Thread 0x000000001dcbb000  656       3       java.awt.Component::getContainer (5 bytes)
Event: 3.430 Thread 0x000000001dcbb000 nmethod 656 0x0000000002f433d0 code [0x0000000002f43520, 0x0000000002f43710]
Event: 3.432 Thread 0x000000001dcb1800  657       4       java.util.ArrayList::get (11 bytes)
Event: 3.432 Thread 0x000000001dcbb000  658       1       java.awt.Component::getX (5 bytes)
Event: 3.433 Thread 0x000000001dcbb000 nmethod 658 0x0000000002f43110 code [0x0000000002f43260, 0x0000000002f43370]
Event: 3.433 Thread 0x000000001dcbb000  659       1       java.awt.Component::getY (5 bytes)
Event: 3.433 Thread 0x000000001dcbb000 nmethod 659 0x0000000002f42e50 code [0x0000000002f42fa0, 0x0000000002f430b0]
Event: 3.433 Thread 0x000000001dcb1800 nmethod 657 0x0000000002f42b50 code [0x0000000002f42c80, 0x0000000002f42d38]
Event: 3.434 Thread 0x000000001dcbb000  660       1       java.util.EventObject::getSource (5 bytes)
Event: 3.435 Thread 0x000000001dcbb000 nmethod 660 0x0000000002f42890 code [0x0000000002f429e0, 0x0000000002f42af0]
Event: 3.437 Thread 0x000000001dcbb000  661       3       java.util.concurrent.locks.AbstractOwnableSynchronizer::setExclusiveOwnerThread (6 bytes)
Event: 3.438 Thread 0x000000001dcbb000 nmethod 661 0x0000000002f42550 code [0x0000000002f426a0, 0x0000000002f42810]
Event: 3.440 Thread 0x000000001dcbb000  662       3       java.awt.Component::getParent (5 bytes)
Event: 3.440 Thread 0x000000001dcbb000 nmethod 662 0x0000000002f42190 code [0x0000000002f422e0, 0x0000000002f424d0]
Event: 3.442 Thread 0x000000001dcbb000  663       3       java.util.ArrayList$Itr::next (66 bytes)
Event: 3.442 Thread 0x000000001dcbb000 nmethod 663 0x0000000002f46fd0 code [0x0000000002f47180, 0x0000000002f47668]
Event: 3.443 Thread 0x000000001dcbb000  664       3       sun.util.locale.LocaleUtils::toLower (17 bytes)
Event: 3.443 Thread 0x000000001dcbb000 nmethod 664 0x0000000002f46b50 code [0x0000000002f46cc0, 0x0000000002f46f30]

GC Heap History (0 events):
No events

Deoptimization events (6 events):
Event: 1.027 Thread 0x000000001dbd3800 Uncommon trap: reason=unstable_if action=reinterpret pc=0x0000000002e523c8 method=java.lang.ThreadLocal.get()Ljava/lang/Object; @ 11
Event: 1.029 Thread 0x000000001dbd3800 Uncommon trap: reason=unstable_if action=reinterpret pc=0x0000000002e52844 method=java.lang.ThreadLocal$ThreadLocalMap.getEntry(Ljava/lang/ThreadLocal;)Ljava/lang/ThreadLocal$ThreadLocalMap$Entry; @ 21
Event: 3.028 Thread 0x00000000029ce000 Uncommon trap: reason=class_check action=maybe_recompile pc=0x0000000002e64f4c method=java.io.FilterInputStream.read([BII)I @ 7
Event: 3.028 Thread 0x00000000029ce000 Uncommon trap: reason=class_check action=maybe_recompile pc=0x0000000002e64f4c method=java.io.FilterInputStream.read([BII)I @ 7
Event: 3.180 Thread 0x00000000029ce000 Uncommon trap: reason=class_check action=maybe_recompile pc=0x0000000002e64f4c method=java.io.FilterInputStream.read([BII)I @ 7
Event: 3.344 Thread 0x0000000020346800 Uncommon trap: reason=unstable_if action=reinterpret pc=0x0000000002f271ec method=java.lang.AbstractStringBuilder.append(Ljava/lang/String;)Ljava/lang/AbstractStringBuilder; @ 1

Classes redefined (0 events):
No events

Internal exceptions (18 events):
Event: 0.023 Thread 0x00000000029ce000 Exception <a 'java/lang/NoSuchMethodError': Method sun.misc.Unsafe.defineClass(Ljava/lang/String;[BII)Ljava/lang/Class; name or signature does not match> (0x000000076af07cb0) thrown at [C:\cygwin64\tmp\ojdkbuild\lookaside\java-1.8.0-openjdk\hotspot\src\sh
Event: 0.023 Thread 0x00000000029ce000 Exception <a 'java/lang/NoSuchMethodError': Method sun.misc.Unsafe.prefetchRead(Ljava/lang/Object;J)V name or signature does not match> (0x000000076af07f98) thrown at [C:\cygwin64\tmp\ojdkbuild\lookaside\java-1.8.0-openjdk\hotspot\src\share\vm\prims\jni.c
Event: 0.109 Thread 0x00000000029ce000 Exception <a 'java/security/PrivilegedActionException'> (0x000000076b131980) thrown at [C:\cygwin64\tmp\ojdkbuild\lookaside\java-1.8.0-openjdk\hotspot\src\share\vm\prims\jvm.cpp, line 1512]
Event: 0.109 Thread 0x00000000029ce000 Exception <a 'java/security/PrivilegedActionException'> (0x000000076b131b90) thrown at [C:\cygwin64\tmp\ojdkbuild\lookaside\java-1.8.0-openjdk\hotspot\src\share\vm\prims\jvm.cpp, line 1512]
Event: 0.109 Thread 0x00000000029ce000 Exception <a 'java/security/PrivilegedActionException'> (0x000000076b134580) thrown at [C:\cygwin64\tmp\ojdkbuild\lookaside\java-1.8.0-openjdk\hotspot\src\share\vm\prims\jvm.cpp, line 1512]
Event: 0.109 Thread 0x00000000029ce000 Exception <a 'java/security/PrivilegedActionException'> (0x000000076b134790) thrown at [C:\cygwin64\tmp\ojdkbuild\lookaside\java-1.8.0-openjdk\hotspot\src\share\vm\prims\jvm.cpp, line 1512]
Event: 0.109 Thread 0x00000000029ce000 Exception <a 'java/security/PrivilegedActionException'> (0x000000076b135608) thrown at [C:\cygwin64\tmp\ojdkbuild\lookaside\java-1.8.0-openjdk\hotspot\src\share\vm\prims\jvm.cpp, line 1512]
Event: 0.109 Thread 0x00000000029ce000 Exception <a 'java/security/PrivilegedActionException'> (0x000000076b135818) thrown at [C:\cygwin64\tmp\ojdkbuild\lookaside\java-1.8.0-openjdk\hotspot\src\share\vm\prims\jvm.cpp, line 1512]
Event: 0.156 Thread 0x00000000029ce000 Exception <a 'java/lang/NoSuchFieldError': method resolution failed> (0x000000076b63a790) thrown at [C:\cygwin64\tmp\ojdkbuild\lookaside\java-1.8.0-openjdk\hotspot\src\share\vm\prims\methodHandles.cpp, line 1167]
Event: 0.157 Thread 0x00000000029ce000 Exception <a 'java/lang/NoSuchFieldError': method resolution failed> (0x000000076b6486f0) thrown at [C:\cygwin64\tmp\ojdkbuild\lookaside\java-1.8.0-openjdk\hotspot\src\share\vm\prims\methodHandles.cpp, line 1167]
Event: 1.027 Thread 0x000000001dbd3800 Implicit null exception at 0x0000000002e5231a to 0x0000000002e523b5
Event: 1.029 Thread 0x000000001dbd3800 Implicit null exception at 0x0000000002e527b4 to 0x0000000002e52829
Event: 3.019 Thread 0x00000000029ce000 Exception <a 'java/io/FileNotFoundException'> (0x000000076bb6da88) thrown at [C:\cygwin64\tmp\ojdkbuild\lookaside\java-1.8.0-openjdk\hotspot\src\share\vm\prims\jni.cpp, line 711]
Event: 3.028 Thread 0x00000000029ce000 Exception <a 'java/lang/ClassNotFoundException': sun/dc/DuctusRenderingEngine> (0x000000076bbd3aa0) thrown at [C:\cygwin64\tmp\ojdkbuild\lookaside\java-1.8.0-openjdk\hotspot\src\share\vm\classfile\systemDictionary.cpp, line 210]
Event: 3.176 Thread 0x00000000029ce000 Exception <a 'java/io/FileNotFoundException'> (0x000000076c216020) thrown at [C:\cygwin64\tmp\ojdkbuild\lookaside\java-1.8.0-openjdk\hotspot\src\share\vm\prims\jni.cpp, line 711]
Event: 3.343 Thread 0x0000000020346800 Implicit null exception at 0x0000000002f26e14 to 0x0000000002f271d5
Event: 3.378 Thread 0x0000000020346800 Exception <a 'java/io/FileNotFoundException'> (0x000000076c638a88) thrown at [C:\cygwin64\tmp\ojdkbuild\lookaside\java-1.8.0-openjdk\hotspot\src\share\vm\prims\jni.cpp, line 711]
Event: 3.378 Thread 0x0000000020346800 Exception <a 'java/lang/NullPointerException'> (0x000000076c6390c0) thrown at [C:\cygwin64\tmp\ojdkbuild\lookaside\java-1.8.0-openjdk\hotspot\src\share\vm\interpreter\linkResolver.cpp, line 1185]

Events (250 events):
Event: 3.377 loading class sun/awt/Win32FontManager
Event: 3.378 loading class sun/awt/Win32FontManager done
Event: 3.378 loading class sun/awt/Win32FontManager$1
Event: 3.378 loading class sun/awt/Win32FontManager$1 done
Event: 3.378 loading class sun/font/Font2DHandle
Event: 3.378 loading class sun/font/Font2DHandle done
Event: 3.378 loading class sun/font/TrueTypeFont$TTDisposerRecord
Event: 3.378 loading class sun/font/TrueTypeFont$TTDisposerRecord done
Event: 3.378 loading class sun/font/TrueTypeFont$1
Event: 3.378 loading class sun/font/TrueTypeFont$1 done
Event: 3.378 loading class java/io/RandomAccessFile
Event: 3.378 loading class java/io/DataOutput
Event: 3.378 loading class java/io/DataOutput done
Event: 3.378 loading class java/io/RandomAccessFile done
Event: 3.378 Executing VM operation: Deoptimize
Event: 3.378 Executing VM operation: Deoptimize done
Event: 3.378 loading class java/awt/FontFormatException
Event: 3.378 loading class java/awt/FontFormatException done
Event: 3.378 loading class sun/font/CompositeFont
Event: 3.379 loading class sun/font/CompositeFont done
Event: 3.379 loading class sun/font/SunFontManager$2
Event: 3.379 loading class sun/font/SunFontManager$2 done
Event: 3.379 loading class sun/font/SunFontManager$FontRegistrationInfo
Event: 3.379 loading class sun/font/SunFontManager$FontRegistrationInfo done
Event: 3.379 loading class sun/awt/windows/WFontConfiguration
Event: 3.379 loading class sun/awt/FontConfiguration
Event: 3.380 loading class sun/awt/FontConfiguration done
Event: 3.380 loading class sun/awt/windows/WFontConfiguration done
Event: 3.380 loading class sun/awt/FontDescriptor
Event: 3.380 loading class sun/awt/FontDescriptor done
Event: 3.382 loading class sun/font/CompositeFontDescriptor
Event: 3.382 loading class sun/font/CompositeFontDescriptor done
Event: 3.382 loading class sun/font/FontFamily
Event: 3.382 loading class sun/font/FontFamily done
Event: 3.382 loading class sun/font/SunFontManager$3
Event: 3.382 loading class sun/font/SunFontManager$3 done
Event: 3.382 loading class sun/awt/Win32FontManager$2
Event: 3.382 loading class sun/awt/Win32FontManager$2 done
Event: 3.383 loading class sun/awt/FontConfiguration$2
Event: 3.383 loading class sun/awt/FontConfiguration$2 done
Event: 3.383 loading class sun/awt/windows/WingDings
Event: 3.383 loading class sun/awt/windows/WingDings done
Event: 3.383 loading class sun/awt/windows/WingDings$Encoder
Event: 3.383 loading class sun/awt/windows/WingDings$Encoder done
Event: 3.383 loading class sun/awt/Symbol
Event: 3.383 loading class sun/awt/Symbol done
Event: 3.383 loading class sun/awt/Symbol$Encoder
Event: 3.383 loading class sun/awt/Symbol$Encoder done
Event: 3.386 loading class sun/awt/im/InputMethodManager
Event: 3.386 loading class sun/awt/im/InputMethodManager done
Event: 3.386 loading class sun/awt/im/ExecutableInputMethodManager
Event: 3.386 loading class sun/awt/im/ExecutableInputMethodManager done
Event: 3.386 loading class sun/awt/windows/WInputMethodDescriptor
Event: 3.386 loading class java/awt/im/spi/InputMethodDescriptor
Event: 3.386 loading class java/awt/im/spi/InputMethodDescriptor done
Event: 3.386 loading class sun/awt/windows/WInputMethodDescriptor done
Event: 3.386 loading class sun/awt/im/InputMethodLocator
Event: 3.386 loading class sun/awt/im/InputMethodLocator done
Event: 3.386 loading class sun/awt/im/ExecutableInputMethodManager$3
Event: 3.386 loading class sun/awt/im/ExecutableInputMethodManager$3 done
Event: 3.387 loading class java/awt/peer/LightweightPeer
Event: 3.387 loading class java/awt/peer/LightweightPeer done
Event: 3.387 loading class sun/awt/NullComponentPeer
Event: 3.387 loading class sun/awt/NullComponentPeer done
Event: 3.388 loading class sun/java2d/loops/RenderLoops
Event: 3.388 loading class sun/java2d/loops/RenderLoops done
Event: 3.388 loading class sun/java2d/loops/GraphicsPrimitiveMgr$PrimitiveSpec
Event: 3.388 loading class sun/java2d/loops/GraphicsPrimitiveMgr$PrimitiveSpec done
Event: 3.388 loading class java/util/TimSort
Event: 3.388 loading class java/util/TimSort done
Event: 3.392 loading class java/applet/Applet
Event: 3.392 loading class java/awt/Panel
Event: 3.392 loading class java/awt/Panel done
Event: 3.392 loading class java/applet/Applet done
Event: 3.393 loading class javax/swing/SwingHeavyWeight
Event: 3.393 loading class javax/swing/SwingHeavyWeight done
Event: 3.393 loading class java/awt/SplashScreen
Event: 3.393 loading class java/awt/SplashScreen done
Event: 3.393 loading class java/awt/Dialog
Event: 3.394 loading class java/awt/Dialog done
Event: 3.394 loading class java/awt/Dialog$ModalityType
Event: 3.394 loading class java/awt/Dialog$ModalityType done
Event: 3.398 loading class sun/awt/TimedWindowEvent
Event: 3.399 loading class sun/awt/TimedWindowEvent done
Event: 3.399 loading class java/awt/SequencedEvent
Event: 3.399 loading class java/awt/SequencedEvent done
Event: 3.399 loading class java/awt/SequencedEvent$1
Event: 3.399 loading class sun/awt/AWTAccessor$SequencedEventAccessor
Event: 3.399 loading class sun/awt/AWTAccessor$SequencedEventAccessor done
Event: 3.399 loading class java/awt/SequencedEvent$1 done
Event: 3.410 loading class sun/awt/windows/WGlobalCursorManager
Event: 3.410 loading class sun/awt/GlobalCursorManager
Event: 3.410 loading class sun/awt/GlobalCursorManager done
Event: 3.410 loading class sun/awt/windows/WGlobalCursorManager done
Event: 3.410 loading class sun/awt/GlobalCursorManager$NativeUpdater
Event: 3.410 loading class sun/awt/GlobalCursorManager$NativeUpdater done
Event: 3.411 loading class java/awt/Cursor$CursorDisposer
Event: 3.411 loading class java/awt/Cursor$CursorDisposer done
Event: 3.411 loading class Main$init$1$1
Event: 3.411 loading class Main$init$1$1 done
Event: 3.412 loading class java/awt/event/WindowAdapter
Event: 3.412 loading class java/awt/event/WindowAdapter done
Event: 3.412 loading class java/util/IdentityHashMap$KeySet
Event: 3.412 loading class java/util/IdentityHashMap$KeySet done
Event: 3.412 loading class java/util/IdentityHashMap$KeyIterator
Event: 3.412 loading class java/util/IdentityHashMap$KeyIterator done
Event: 3.413 loading class java/util/LinkedList$ListItr
Event: 3.413 loading class java/util/LinkedList$ListItr done
Event: 3.413 loading class javax/swing/RepaintManager$2$1
Event: 3.413 loading class javax/swing/RepaintManager$2$1 done
Event: 3.414 loading class javax/swing/RepaintManager$4
Event: 3.414 loading class javax/swing/RepaintManager$4 done
Event: 3.414 loading class sun/java2d/d3d/D3DSurfaceData$1Status
Event: 3.414 loading class sun/java2d/d3d/D3DSurfaceData$1Status done
Event: 3.414 loading class sun/java2d/d3d/D3DSurfaceData$1
Event: 3.414 loading class sun/java2d/d3d/D3DSurfaceData$1 done
Event: 3.416 loading class sun/java2d/pipe/BufferedPaints
Event: 3.416 loading class sun/java2d/pipe/BufferedPaints done
Event: 3.417 Thread 0x00000000208d8800 Thread added: 0x00000000208d8800
Event: 3.417 loading class java/awt/GraphicsCallback$PaintCallback
Event: 3.417 loading class java/awt/GraphicsCallback
Event: 3.417 loading class sun/awt/SunGraphicsCallback
Event: 3.418 loading class sun/awt/SunGraphicsCallback done
Event: 3.418 loading class java/awt/GraphicsCallback done
Event: 3.418 loading class java/awt/GraphicsCallback$PaintCallback done
Event: 3.418 loading class sun/awt/image/BufferedImageGraphicsConfig
Event: 3.418 loading class java/awt/event/MouseEvent$1
Event: 3.418 loading class sun/awt/image/BufferedImageGraphicsConfig done
Event: 3.418 loading class sun/print/PrinterGraphicsConfig
Event: 3.418 loading class sun/awt/AWTAccessor$MouseEventAccessor
Event: 3.418 loading class sun/print/PrinterGraphicsConfig done
Event: 3.418 loading class sun/awt/AWTAccessor$MouseEventAccessor done
Event: 3.418 loading class sun/java2d/d3d/D3DVolatileSurfaceManager
Event: 3.418 loading class java/awt/event/MouseEvent$1 done
Event: 3.418 loading class sun/java2d/d3d/D3DVolatileSurfaceManager done
Event: 3.422 loading class javax/swing/TimerQueue
Event: 3.422 loading class javax/swing/TimerQueue done
Event: 3.422 loading class java/util/concurrent/DelayQueue
Event: 3.422 loading class java/util/concurrent/BlockingQueue
Event: 3.422 loading class java/util/concurrent/BlockingQueue done
Event: 3.422 loading class java/util/AbstractQueue
Event: 3.422 loading class java/util/AbstractQueue done
Event: 3.422 loading class java/util/concurrent/DelayQueue done
Event: 3.422 loading class java/util/PriorityQueue
Event: 3.423 loading class java/util/PriorityQueue done
Event: 3.423 loading class javax/swing/TimerQueue$1
Event: 3.423 loading class javax/swing/TimerQueue$1 done
Event: 3.423 Thread 0x00000000208da000 Thread added: 0x00000000208da000
Event: 3.423 loading class javax/swing/TimerQueue$DelayedTimer
Event: 3.423 loading class java/util/concurrent/Delayed
Event: 3.423 loading class java/util/concurrent/Delayed done
Event: 3.423 loading class javax/swing/TimerQueue$DelayedTimer done
Event: 3.423 loading class java/util/concurrent/TimeUnit
Event: 3.423 loading class java/util/concurrent/TimeUnit done
Event: 3.423 loading class java/util/concurrent/TimeUnit$1
Event: 3.423 loading class java/util/concurrent/TimeUnit$1 done
Event: 3.423 loading class java/util/concurrent/TimeUnit$2
Event: 3.423 loading class java/util/concurrent/TimeUnit$2 done
Event: 3.423 loading class java/util/concurrent/TimeUnit$3
Event: 3.423 loading class java/util/concurrent/TimeUnit$3 done
Event: 3.423 loading class java/util/concurrent/TimeUnit$4
Event: 3.423 loading class java/util/concurrent/TimeUnit$4 done
Event: 3.423 loading class java/util/concurrent/TimeUnit$5
Event: 3.423 loading class java/util/concurrent/TimeUnit$5 done
Event: 3.423 loading class java/util/concurrent/TimeUnit$6
Event: 3.423 loading class java/util/concurrent/TimeUnit$6 done
Event: 3.423 loading class java/util/concurrent/TimeUnit$7
Event: 3.423 loading class java/util/concurrent/TimeUnit$7 done
Event: 3.423 loading class sun/awt/image/MultiResolutionImage
Event: 3.423 loading class sun/awt/image/MultiResolutionImage done
Event: 3.423 loading class sun/awt/image/ToolkitImage
Event: 3.424 loading class sun/awt/image/ToolkitImage done
Event: 3.424 loading class sun/java2d/d3d/D3DSurfaceDataProxy
Event: 3.424 loading class sun/java2d/d3d/D3DSurfaceDataProxy done
Event: 3.428 loading class java/awt/EventQueue$4
Event: 3.428 loading class java/awt/EventQueue$4 done
Event: 3.434 loading class java/awt/DefaultKeyboardFocusManager$DefaultKeyboardFocusManagerSentEvent
Event: 3.434 loading class java/awt/SentEvent
Event: 3.434 loading class java/awt/SentEvent done
Event: 3.434 loading class java/awt/DefaultKeyboardFocusManager$DefaultKeyboardFocusManagerSentEvent done
Event: 3.435 loading class java/util/ArrayList$ListItr
Event: 3.435 loading class java/util/ArrayList$ListItr done
Event: 3.435 Executing VM operation: Deoptimize
Event: 3.435 Executing VM operation: Deoptimize done
Event: 3.435 loading class sun/awt/CausedFocusEvent$Cause
Event: 3.435 loading class sun/awt/CausedFocusEvent$Cause done
Event: 3.436 loading class java/awt/KeyboardFocusManager$HeavyweightFocusRequest
Event: 3.436 loading class java/awt/KeyboardFocusManager$HeavyweightFocusRequest done
Event: 3.436 loading class java/awt/DefaultKeyboardFocusManager$TypeAheadMarker
Event: 3.436 loading class java/awt/DefaultKeyboardFocusManager$TypeAheadMarker done
Event: 3.436 loading class java/awt/KeyboardFocusManager$LightweightFocusRequest
Event: 3.436 loading class java/awt/KeyboardFocusManager$LightweightFocusRequest done
Event: 3.436 loading class sun/awt/CausedFocusEvent
Event: 3.436 loading class sun/awt/CausedFocusEvent done
Event: 3.441 loading class java/awt/im/InputContext
Event: 3.441 loading class java/awt/im/InputContext done
Event: 3.441 loading class sun/awt/im/InputMethodContext
Event: 3.441 loading class java/awt/im/spi/InputMethodContext
Event: 3.441 loading class java/awt/im/InputMethodRequests
Event: 3.441 loading class java/awt/im/InputMethodRequests done
Event: 3.441 loading class java/awt/im/spi/InputMethodContext done
Event: 3.441 loading class sun/awt/im/InputContext
Event: 3.441 loading class sun/awt/im/InputContext done
Event: 3.441 loading class sun/awt/im/InputMethodContext done
Event: 3.442 loading class sun/awt/windows/WInputMethod
Event: 3.442 loading class sun/awt/im/InputMethodAdapter
Event: 3.442 loading class java/awt/im/spi/InputMethod
Event: 3.442 loading class java/awt/im/spi/InputMethod done
Event: 3.442 loading class sun/awt/im/InputMethodAdapter done
Event: 3.442 loading class sun/awt/windows/WInputMethod done
Event: 3.442 loading class sun/util/locale/ParseStatus
Event: 3.442 loading class sun/util/locale/ParseStatus done
Event: 3.442 loading class sun/util/locale/StringTokenIterator
Event: 3.442 loading class sun/util/locale/StringTokenIterator done
Event: 3.442 loading class sun/util/locale/InternalLocaleBuilder
Event: 3.442 loading class sun/util/locale/InternalLocaleBuilder done
Event: 3.443 loading class sun/util/locale/InternalLocaleBuilder$CaseInsensitiveChar
Event: 3.443 loading class sun/util/locale/InternalLocaleBuilder$CaseInsensitiveChar done
Event: 3.444 loading class java/awt/event/MouseWheelEvent
Event: 3.444 loading class java/awt/event/MouseWheelEvent done
Event: 3.444 loading class java/awt/TextComponent
Event: 3.444 loading class java/awt/TextComponent done
Event: 3.444 loading class javax/swing/text/JTextComponent
Event: 3.444 loading class javax/swing/Scrollable
Event: 3.444 loading class javax/swing/Scrollable done
Event: 3.445 loading class javax/swing/text/JTextComponent done
Event: 3.445 loading class java/awt/AWTEvent$2
Event: 3.445 loading class java/awt/AWTEvent$2 done
Event: 3.445 loading class sun/reflect/UnsafeBooleanFieldAccessorImpl
Event: 3.445 loading class sun/reflect/UnsafeBooleanFieldAccessorImpl done
Event: 3.445 loading class java/awt/KeyboardFocusManager$3
Event: 3.446 loading class java/awt/KeyboardFocusManager$3 done
Event: 3.452 loading class sun/awt/im/CompositionAreaHandler
Event: 3.452 loading class sun/awt/im/CompositionAreaHandler done
Event: 3.452 loading class java/text/AttributedString
Event: 3.453 loading class java/text/AttributedString done
Event: 3.453 loading class java/text/AttributedString$AttributedStringIterator
Event: 3.453 loading class java/text/AttributedCharacterIterator
Event: 3.453 loading class java/text/CharacterIterator
Event: 3.453 loading class java/text/CharacterIterator done
Event: 3.453 loading class java/text/AttributedCharacterIterator done
Event: 3.453 loading class java/text/AttributedString$AttributedStringIterator done
Event: 3.453 loading class javax/swing/MenuSelectionManager
Event: 3.453 loading class javax/swing/MenuSelectionManager done
Event: 3.457 loading class java/awt/Event
Event: 3.457 loading class java/awt/Event done
Event: 3.540 loading class javax/swing/Timer$1
Event: 3.540 loading class javax/swing/Timer$1 done
Event: 3.541 loading class org/cef/browser/CefBrowserWr$1$1
Event: 3.541 loading class org/cef/browser/CefBrowserWr$1$1 done


Dynamic libraries:
0x00007ff777890000 - 0x00007ff77791b000 	E:\program_langeage\java-1.8.0.212-openjdk\bin\java.exe
0x00007ff9cca20000 - 0x00007ff9ccc10000 	C:\Windows\SYSTEM32\ntdll.dll
0x00007ff9cc310000 - 0x00007ff9cc3c2000 	C:\Windows\System32\KERNEL32.DLL
0x00007ff9c9b40000 - 0x00007ff9c9de3000 	C:\Windows\System32\KERNELBASE.dll
0x00007ff9cb9f0000 - 0x00007ff9cba93000 	C:\Windows\System32\ADVAPI32.dll
0x00007ff9cbcd0000 - 0x00007ff9cbd6e000 	C:\Windows\System32\msvcrt.dll
0x00007ff9cc940000 - 0x00007ff9cc9d7000 	C:\Windows\System32\sechost.dll
0x00007ff9cbaa0000 - 0x00007ff9cbbc0000 	C:\Windows\System32\RPCRT4.dll
0x00007ff9cc590000 - 0x00007ff9cc724000 	C:\Windows\System32\USER32.dll
0x00007ff9c9e40000 - 0x00007ff9c9e61000 	C:\Windows\System32\win32u.dll
0x00007ff9cbd70000 - 0x00007ff9cbd96000 	C:\Windows\System32\GDI32.dll
0x00007ff9ca6f0000 - 0x00007ff9ca884000 	C:\Windows\System32\gdi32full.dll
0x00007ff9caa30000 - 0x00007ff9caace000 	C:\Windows\System32\msvcp_win.dll
0x00007ff9ca5f0000 - 0x00007ff9ca6ea000 	C:\Windows\System32\ucrtbase.dll
0x00007ff9b8ab0000 - 0x00007ff9b8d35000 	C:\Windows\WinSxS\amd64_microsoft.windows.common-controls_6595b64144ccf1df_6.0.18362.778_none_e6c6b761130d4fb8\COMCTL32.dll
0x00007ff9cbf20000 - 0x00007ff9cc256000 	C:\Windows\System32\combase.dll
0x00007ff9c99b0000 - 0x00007ff9c9a30000 	C:\Windows\System32\bcryptPrimitives.dll
0x00007ff9cc7b0000 - 0x00007ff9cc7de000 	C:\Windows\System32\IMM32.DLL
0x0000000060410000 - 0x00000000604e2000 	E:\program_langeage\java-1.8.0.212-openjdk\jre\bin\msvcr100.dll
0x000000005fb40000 - 0x0000000060401000 	E:\program_langeage\java-1.8.0.212-openjdk\jre\bin\server\jvm.dll
0x00007ff9cc3d0000 - 0x00007ff9cc3d8000 	C:\Windows\System32\PSAPI.DLL
0x00007ff9c1a80000 - 0x00007ff9c1a89000 	C:\Windows\SYSTEM32\WSOCK32.dll
0x00007ff9cbbe0000 - 0x00007ff9cbc4f000 	C:\Windows\System32\WS2_32.dll
0x00007ff9b8e90000 - 0x00007ff9b8eb4000 	C:\Windows\SYSTEM32\WINMM.dll
0x00007ff9c4d10000 - 0x00007ff9c4d1a000 	C:\Windows\SYSTEM32\VERSION.dll
0x00007ff9b8900000 - 0x00007ff9b892d000 	C:\Windows\SYSTEM32\winmmbase.dll
0x00007ff9c9df0000 - 0x00007ff9c9e3a000 	C:\Windows\System32\cfgmgr32.dll
0x00007ff9bb640000 - 0x00007ff9bb64f000 	E:\program_langeage\java-1.8.0.212-openjdk\jre\bin\verify.dll
0x00007ff9b3780000 - 0x00007ff9b37a9000 	E:\program_langeage\java-1.8.0.212-openjdk\jre\bin\java.dll
0x00007ff974f20000 - 0x00007ff974f43000 	E:\program_langeage\java-1.8.0.212-openjdk\jre\bin\instrument.dll
0x00007ff9bb620000 - 0x00007ff9bb636000 	E:\program_langeage\java-1.8.0.212-openjdk\jre\bin\zip.dll
0x00007ff9cb300000 - 0x00007ff9cb9e5000 	C:\Windows\System32\SHELL32.dll
0x00007ff9cc260000 - 0x00007ff9cc309000 	C:\Windows\System32\shcore.dll
0x00007ff9c9e70000 - 0x00007ff9ca5f0000 	C:\Windows\System32\windows.storage.dll
0x00007ff9c98f0000 - 0x00007ff9c9913000 	C:\Windows\System32\profapi.dll
0x00007ff9c9920000 - 0x00007ff9c996a000 	C:\Windows\System32\powrprof.dll
0x00007ff9c98e0000 - 0x00007ff9c98f0000 	C:\Windows\System32\UMPDC.dll
0x00007ff9cbc60000 - 0x00007ff9cbcb2000 	C:\Windows\System32\shlwapi.dll
0x00007ff9c9970000 - 0x00007ff9c9981000 	C:\Windows\System32\kernel.appcore.dll
0x00007ff9ca890000 - 0x00007ff9ca8a7000 	C:\Windows\System32\cryptsp.dll
0x00007ff974f00000 - 0x00007ff974f1a000 	E:\Developer_Tools\IDEA\IntelliJ IDEA 2019\IntelliJ IDEA 2019.1\bin\breakgen64.dll
0x00007ff9b38d0000 - 0x00007ff9b38ea000 	E:\program_langeage\java-1.8.0.212-openjdk\jre\bin\net.dll
0x00007ff9bb320000 - 0x00007ff9bb4f5000 	C:\Windows\SYSTEM32\urlmon.dll
0x00007ff9ba3e0000 - 0x00007ff9ba686000 	C:\Windows\SYSTEM32\iertutil.dll
0x00007ff9c9280000 - 0x00007ff9c928c000 	C:\Windows\SYSTEM32\CRYPTBASE.DLL
0x00007ff9c9100000 - 0x00007ff9c9167000 	C:\Windows\system32\mswsock.dll
0x00007ff9b3760000 - 0x00007ff9b3771000 	E:\program_langeage\java-1.8.0.212-openjdk\jre\bin\nio.dll
0x00007ff9a5cb0000 - 0x00007ff9a5cb7000 	E:\program_langeage\java-1.8.0.212-openjdk\jre\bin\jawt.dll
0x00007ff9756b0000 - 0x00007ff97584c000 	E:\Developer_Tools\IDEA\IntelliJ IDEA 2019\IntelliJ IDEA 2019.1\jre64\bin\awt.dll
0x00007ff9cbe50000 - 0x00007ff9cbf14000 	C:\Windows\System32\OLEAUT32.dll
0x00007ff9c6670000 - 0x00007ff9c6c30000 	C:\Windows\SYSTEM32\d2d1.dll
0x00007ff9c7b20000 - 0x00007ff9c7baf000 	C:\Windows\SYSTEM32\apphelp.dll
0x00007ff974e50000 - 0x00007ff974f00000 	C:\Users\\AppData\Local\Temp\org.github.doraig.jcef.amd64\chrome_elf.dll
0x00007ff93e850000 - 0x00007ff944e1e000 	C:\Users\\AppData\Local\Temp\org.github.doraig.jcef.amd64\libcef.dll
0x00007ff9cc7e0000 - 0x00007ff9cc937000 	C:\Windows\System32\ole32.dll
0x00007ff9cafa0000 - 0x00007ff9cb070000 	C:\Windows\System32\COMDLG32.dll
0x00007ff9c8e20000 - 0x00007ff9c8e5a000 	C:\Windows\SYSTEM32\IPHLPAPI.DLL
0x00007ff9b1c20000 - 0x00007ff9b1c2b000 	C:\Windows\SYSTEM32\msdmo.dll
0x00007ff9ca8e0000 - 0x00007ff9caa29000 	C:\Windows\System32\CRYPT32.dll
0x00007ff9badc0000 - 0x00007ff9badcc000 	C:\Windows\SYSTEM32\Secur32.dll
0x00007ff9c9990000 - 0x00007ff9c99a2000 	C:\Windows\System32\MSASN1.dll
0x00007ff9ba900000 - 0x00007ff9ba917000 	C:\Windows\SYSTEM32\NETAPI32.dll
0x00007ff9c24b0000 - 0x00007ff9c2515000 	C:\Windows\SYSTEM32\OLEACC.dll
0x00007ff9c84b0000 - 0x00007ff9c84be000 	C:\Windows\SYSTEM32\HID.DLL
0x00007ff9c9800000 - 0x00007ff9c9825000 	C:\Windows\SYSTEM32\USERENV.dll
0x00007ff9c6160000 - 0x00007ff9c624f000 	C:\Windows\SYSTEM32\PROPSYS.dll
0x00007ff9c8210000 - 0x00007ff9c823d000 	C:\Windows\SYSTEM32\dwmapi.dll
0x00007ff9afd50000 - 0x00007ff9b004e000 	C:\Windows\SYSTEM32\DWrite.dll
0x00007ff9c2db0000 - 0x00007ff9c2fa4000 	C:\Windows\SYSTEM32\dbghelp.dll
0x00007ff9978b0000 - 0x00007ff9978c9000 	C:\Windows\SYSTEM32\USP10.dll
0x00007ff9c85a0000 - 0x00007ff9c868b000 	C:\Windows\SYSTEM32\dxgi.dll
0x00007ff9c1e40000 - 0x00007ff9c2007000 	C:\Windows\SYSTEM32\d3d9.dll
0x00007ff9c6c60000 - 0x00007ff9c6ebb000 	C:\Windows\SYSTEM32\d3d11.dll
0x00007ff997650000 - 0x00007ff997673000 	C:\Windows\SYSTEM32\dxva2.dll
0x00007ff997630000 - 0x00007ff997641000 	C:\Windows\SYSTEM32\credui.dll
0x00007ff9c2190000 - 0x00007ff9c2219000 	C:\Windows\SYSTEM32\WINSPOOL.DRV
0x00007ff9b4500000 - 0x00007ff9b454b000 	C:\Windows\SYSTEM32\CRYPTUI.dll
0x00007ff9c2a30000 - 0x00007ff9c2b20000 	C:\Windows\SYSTEM32\WINHTTP.dll
0x00007ff9c9400000 - 0x00007ff9c9426000 	C:\Windows\SYSTEM32\ncrypt.dll
0x00007ff9ca8b0000 - 0x00007ff9ca8d6000 	C:\Windows\System32\bcrypt.dll
0x00007ff9c44b0000 - 0x00007ff9c44cc000 	C:\Windows\SYSTEM32\dhcpcsvc.DLL
0x00007ff9c5480000 - 0x00007ff9c5493000 	C:\Windows\SYSTEM32\WTSAPI32.dll
0x00007ff9cbc50000 - 0x00007ff9cbc58000 	C:\Windows\System32\NSI.dll
0x00007ff9c93c0000 - 0x00007ff9c93fb000 	C:\Windows\SYSTEM32\NTASN1.dll
0x00007ff9c8580000 - 0x00007ff9c85a0000 	C:\Windows\SYSTEM32\dxcore.dll
0x00007ff9c97d0000 - 0x00007ff9c97ff000 	C:\Windows\SYSTEM32\SSPICLI.DLL
0x00007ff9c8f30000 - 0x00007ff9c8f3c000 	C:\Windows\SYSTEM32\NETUTILS.DLL
0x00007ff9c28a0000 - 0x00007ff9c28b8000 	C:\Windows\SYSTEM32\SAMCLI.DLL
0x00007ff974d60000 - 0x00007ff974e45000 	C:\Users\\AppData\Local\Temp\org.github.doraig.jcef.amd64\jcef.dll
0x00007ff9627f0000 - 0x00007ff9629dd000 	E:\program_langeage\java-1.8.0.212-openjdk\jre\bin\awt.dll
0x00007ff9c7c20000 - 0x00007ff9c7cb9000 	C:\Windows\system32\uxtheme.dll
0x00007ff9cc450000 - 0x00007ff9cc586000 	C:\Windows\System32\MSCTF.dll
0x00007ff9c4880000 - 0x00007ff9c489c000 	C:\Windows\system32\NLAapi.dll
0x00007ff9c44d0000 - 0x00007ff9c44e6000 	C:\Windows\SYSTEM32\dhcpcsvc6.DLL
0x00007ff9c8e60000 - 0x00007ff9c8f2a000 	C:\Windows\SYSTEM32\DNSAPI.dll
0x00007ff9c4bb0000 - 0x00007ff9c4d0d000 	C:\Windows\system32\audioses.dll
0x00007ff9c4ad0000 - 0x00007ff9c4b42000 	C:\Windows\system32\MMDevAPI.DLL
0x00007ff9c58a0000 - 0x00007ff9c59f3000 	C:\Windows\SYSTEM32\wintypes.dll
0x00007ff9c96e0000 - 0x00007ff9c970a000 	C:\Windows\system32\DEVOBJ.dll
0x00007ff9cbda0000 - 0x00007ff9cbe42000 	C:\Windows\System32\clbcatq.dll
0x00007ff9b0640000 - 0x00007ff9b06ee000 	C:\Windows\SYSTEM32\mscms.dll
0x00007ff9b0620000 - 0x00007ff9b0637000 	C:\Windows\SYSTEM32\ColorAdapterClient.dll
0x00007ff97fc40000 - 0x00007ff97fd96000 	C:\Windows\system32\opengl32.dll
0x00007ff97fc10000 - 0x00007ff97fc3c000 	C:\Windows\SYSTEM32\GLU32.dll
0x00007ff9b0110000 - 0x00007ff9b01ff000 	C:\Windows\System32\DriverStore\FileRepository\nv_dispi.inf_amd64_e0a5a1b06de180e3\nvldumdx.dll
0x00007ff9c4130000 - 0x00007ff9c415f000 	C:\Windows\SYSTEM32\cryptnet.dll
0x00007ff9c9ae0000 - 0x00007ff9c9b3c000 	C:\Windows\System32\WINTRUST.DLL
0x00007ff9cbbc0000 - 0x00007ff9cbbdd000 	C:\Windows\System32\imagehlp.dll
0x00007ff9c30d0000 - 0x00007ff9c3139000 	C:\Windows\system32\wlanapi.dll
0x00007ff9c8c80000 - 0x00007ff9c8cb3000 	C:\Windows\system32\rsaenh.dll
0x00007ff95eb30000 - 0x00007ff960053000 	C:\Windows\System32\DriverStore\FileRepository\nv_dispi.inf_amd64_e0a5a1b06de180e3\nvd3dumx.dll
0x00007ff9af550000 - 0x00007ff9af814000 	C:\Windows\system32\nvspcap64.dll
0x00007ff9c8900000 - 0x00007ff9c8931000 	C:\Windows\SYSTEM32\ntmarta.dll
0x00007ff9c84c0000 - 0x00007ff9c84e2000 	C:\Windows\SYSTEM32\gpapi.dll
0x00007ff974cb0000 - 0x00007ff974d53000 	E:\program_langeage\java-1.8.0.212-openjdk\jre\bin\freetype.dll
0x00007ff963720000 - 0x00007ff963769000 	E:\program_langeage\java-1.8.0.212-openjdk\jre\bin\fontmanager.dll
0x00007ff9b0a20000 - 0x00007ff9b0abe000 	C:\Windows\System32\TextInputFramework.dll
0x00007ff9b0f20000 - 0x00007ff9b124a000 	C:\Windows\System32\CoreUIComponents.dll
0x00007ff9c7500000 - 0x00007ff9c75d4000 	C:\Windows\System32\CoreMessaging.dll

VM Arguments:
jvm_args: -javaagent:E:\Developer_Tools\IDEA\IntelliJ IDEA 2019\IntelliJ IDEA 2019.1\lib\idea_rt.jar=50314:E:\Developer_Tools\IDEA\IntelliJ IDEA 2019\IntelliJ IDEA 2019.1\bin -Dfile.encoding=UTF-8 
java_command: Main
java_class_path (initial): E:\program_langeage\java-1.8.0.212-openjdk\jre\lib\charsets.jar;E:\program_langeage\java-1.8.0.212-openjdk\jre\lib\ext\access-bridge-64.jar;E:\program_langeage\java-1.8.0.212-openjdk\jre\lib\ext\cldrdata.jar;E:\program_langeage\java-1.8.0.212-openjdk\jre\lib\ext\dnsns.jar;E:\program_langeage\java-1.8.0.212-openjdk\jre\lib\ext\jaccess.jar;E:\program_langeage\java-1.8.0.212-openjdk\jre\lib\ext\localedata.jar;E:\program_langeage\java-1.8.0.212-openjdk\jre\lib\ext\nashorn.jar;E:\program_langeage\java-1.8.0.212-openjdk\jre\lib\ext\sunec.jar;E:\program_langeage\java-1.8.0.212-openjdk\jre\lib\ext\sunjce_provider.jar;E:\program_langeage\java-1.8.0.212-openjdk\jre\lib\ext\sunmscapi.jar;E:\program_langeage\java-1.8.0.212-openjdk\jre\lib\ext\sunpkcs11.jar;E:\program_langeage\java-1.8.0.212-openjdk\jre\lib\ext\zipfs.jar;E:\program_langeage\java-1.8.0.212-openjdk\jre\lib\jce.jar;E:\program_langeage\java-1.8.0.212-openjdk\jre\lib\jsse.jar;E:\program_langeage\java-1.8.0.212-openjdk\jre\lib\management-agent.jar;E:\program_langeage\java-1.8.0.212-openjdk\jre\lib\resources.jar;E:\program_langeage\java-1.8.0.212-openjdk\jre\lib\rt.jar;E:\Project\Game\SimpleTowerDefense\build\classes\kotlin\main;E:\Developer_Tools\Gradle\DataSource\caches\modules-2\files-2.1\org.apache.logging.log4j\log4j-core\2.13.2\8eb1fc1914eb2550bf3ddea26917c9a7cbb00593\log4j-core-2.13.2.jar;E:\Developer_Tools\Gradle\DataSource\caches\modules-2\files-2.1\org.apache.logging.log4j\log4j-api\2.13.2\567ea514dedd8679c429c5b5b39b0d67b6464c3c\log4j-api-2.13.2.jar;E:\Developer_Tools\Gradle\DataSource\caches\modules-2\files-2.1\com.alibaba\fastjson\1.2.68\9e3d29f05bcfab1c15a1357ebf2dd513c1d42f49\fastjson-1.2.68.jar;E:\Developer_Tools\Gradle\DataSource\caches\modules-2\files-2.1\com.github.doraig\jcef\78.1-win64\577e9943e2f3d1c24769ca47ed4b03fa5dc0b7bf\jcef-78.1-win64.jar;E:\Developer_Tools\Gradle\DataSource\caches\modules-2\files-2.1\org.jetbrains.kotlin\kotlin-stdlib-jdk8\1.3.71\4defc79915cf4f7
Launcher Type: SUN_STANDARD

Environment Variables:
JAVA_HOME=E:\program_langeage\java_SE_jdk
PATH=E:\program_langeage\cuda\Development\bin;E:\program_langeage\cuda\Development\libnvvp;C:\Windows\system32;C:\Windows;C:\Windows\System32\Wbem;C:\Windows\System32\WindowsPowerShell\v1.0\;C:\Windows\System32\OpenSSH\;E:\Developer_Tools\Maven\apache-maven-3.6.1\bin;E:\GIT\Git\bin;E:\program_langeage\java_SE_jdk\bin;E:\Developer_Tools\Gradle\gradle-6.0.1\bin;C:\Program Files\MySQL\MySQL Server 8.0\bin;C:\Program Files\dotnet\;C:\Program Files\NVIDIA Corporation\NVIDIA NvDLISR;C:\Program Files (x86)\NVIDIA Corporation\PhysX\Common;E:\program_langeage\node.js\modules;E:\program_langeage\node.js\runtime\;C:\Program Files\NVIDIA Corporation\Nsight Compute 2019.5.0\;E:\Program Files (x86)\IncrediBuild;E:\program_langeage\javafx-sdk-11.0.2\bin;C:\Program Files\MySQL\MySQL Shell 8.0\bin\;C:\Users\\AppData\Local\Microsoft\WindowsApps;E:\Developer_Tools\VSCode\Microsoft VS Code\bin;C:\Users\\AppData\Roaming\npm;C:\Users\\AppData\Local\Programs\Microsoft VS Code\bin
USERNAME=
OS=Windows_NT
PROCESSOR_IDENTIFIER=Intel64 Family 6 Model 158 Stepping 10, GenuineIntel



---------------  S Y S T E M  ---------------

OS: Windows 10.0 , 64 bit Build 18362 (10.0.18362.778)

CPU:total 12 (initial active 12) (6 cores per cpu, 2 threads per core) family 6 model 158 stepping 10, cmov, cx8, fxsr, mmx, sse, sse2, sse3, ssse3, sse4.1, sse4.2, popcnt, avx, avx2, aes, clmul, erms, rtm, 3dnowpref, lzcnt, ht, tsc, tscinvbit, bmi1, bmi2, adx

Memory: 4k page, physical 16720000k(4209924k free), swap 37792676k(5745804k free)

vm_info: OpenJDK 64-Bit Server VM (25.212-b04) for windows-amd64 JRE (1.8.0_212-3-redhat-b04), built on Apr 23 2019 14:38:46 by "build" with MS VC++ 10.0 (VS2010)

time: Sat May 09 08:17:20 2020
timezone: 
elapsed time: 3 seconds (0d 0h 0m 3s)

