#
# A fatal error has been detected by the Java Runtime Environment:
#
#  EXCEPTION_ACCESS_VIOLATION (0xc0000005) at pc=0x000000005fc6c3a7, pid=14112, tid=0x0000000000006e9c
#
# JRE version: OpenJDK Runtime Environment (8.0_212-b04) (build 1.8.0_212-3-redhat-b04)
# Java VM: OpenJDK 64-Bit Server VM (25.212-b04 mixed mode windows-amd64 compressed oops)
# Problematic frame:
# V  [jvm.dll+0x12c3a7]
#
# Failed to write core dump. Minidumps are not enabled by default on client versions of Windows
#
# If you would like to submit a bug report, please visit:
#   
#

---------------  T H R E A D  ---------------

Current thread (0x000000002009a000):  JavaThread "AWT-EventQueue-0" [_thread_in_vm, id=28316, stack(0x00000000219e0000,0x0000000021ae0000)]

siginfo: ExceptionCode=0xc0000005, reading address 0x0000000000000000

Registers:
RAX=0x0000000000000000, RBX=0x000000002009a000, RCX=0x0000000000000a00, RDX=0x0000000021ade410
RSP=0x0000000021addf40, RBP=0x0000000000000000, RSI=0x0000000021ade410, RDI=0x000000002009a201
R8 =0x0000000000000000, R9 =0x000000076c6d7248, R10=0x000000000000000c, R11=0x0000000060372d58
R12=0x0000000021ade448, R13=0x0000000000000000, R14=0x000000002afa74d0, R15=0x000000002009a268
RIP=0x000000005fc6c3a7, EFLAGS=0x0000000000010202

Top of Stack: (sp=0x0000000021addf40)
0x0000000021addf40:   0000618f6be9d3aa 000000002009a268
0x0000000021addf50:   0000000000000000 fffffffffffffffe
0x0000000021addf60:   000000002009a268 00007ff975754943
0x0000000021addf70:   0000000021ade410 0000000021ade110
0x0000000021addf80:   0000000021ade410 00007ff974d988de
0x0000000021addf90:   fffffffffffffffe 0000000021ade250
0x0000000021addfa0:   000000002009a268 00007ff974d990c0
0x0000000021addfb0:   0000000021ade410 0000000021ade410
0x0000000021addfc0:   0000055100000a00 0000000000000000
0x0000000021addfd0:   0000618f00010004 00007ff9a5cb1070
0x0000000021addfe0:   00007ff9a5cb106a 00007ff9a5cb1064
0x0000000021addff0:   00007ff9a5cb105e 00007ff9a5cb1058
0x0000000021ade000:   000000002b121680 00007ff974d63029
0x0000000021ade010:   0000000024a61450 0000000021ade040
0x0000000021ade020:   0000000021ade400 000000002b121680
0x0000000021ade030:   0000000000000079 000000001dae3f00 

Instructions: (pc=0x000000005fc6c3a7)
0x000000005fc6c387:   00 00 00 30 74 08 48 8b cb e8 0b 2b 10 00 c7 83
0x000000005fc6c397:   e0 02 00 00 06 00 00 00 40 b7 01 48 85 f6 74 60
0x000000005fc6c3a7:   48 8b 4d 00 40 32 ff e8 9d 96 f1 ff 48 8b d0 48
0x000000005fc6c3b7:   85 c0 74 4c 40 38 3d ef 59 70 00 4c 8b 06 74 16 


Register to memory mapping:

RAX=0x0000000000000000 is an unknown value
RBX=0x000000002009a000 is a thread
RCX=0x0000000000000a00 is an unknown value
RDX=0x0000000021ade410 is pointing into the stack for thread: 0x000000002009a000
RSP=0x0000000021addf40 is pointing into the stack for thread: 0x000000002009a000
RBP=0x0000000000000000 is an unknown value
RSI=0x0000000021ade410 is pointing into the stack for thread: 0x000000002009a000
RDI=0x000000002009a201 is an unknown value
R8 =0x0000000000000000 is an unknown value
R9 =0x000000076c6d7248 is an oop
java.awt.Rectangle 
 - klass: 'java/awt/Rectangle'
R10=0x000000000000000c is an unknown value
R11=0x0000000060372d58 is an unknown value
R12=0x0000000021ade448 is pointing into the stack for thread: 0x000000002009a000
R13=0x0000000000000000 is an unknown value
R14=0x000000002afa74d0 is an unknown value
R15=0x000000002009a268 is an unknown value


Stack: [0x00000000219e0000,0x0000000021ae0000],  sp=0x0000000021addf40,  free space=1015k
Native frames: (J=compiled Java code, j=interpreted, Vv=VM code, C=native code)

Java frames: (J=compiled Java code, j=interpreted, Vv=VM code)
j  org.cef.browser.CefBrowser_N.N_CreateBrowser(Lorg/cef/handler/CefClientHandler;JLjava/lang/String;ZZLjava/awt/Component;Lorg/cef/browser/CefRequestContext;)Z+0
j  org.cef.browser.CefBrowser_N.createBrowser(Lorg/cef/handler/CefClientHandler;JLjava/lang/String;ZZLjava/awt/Component;Lorg/cef/browser/CefRequestContext;)V+32
j  org.cef.browser.CefBrowserWr.createBrowserIfRequired(Z)Z+107
j  org.cef.browser.CefBrowserWr.access$000(Lorg/cef/browser/CefBrowserWr;Z)Z+2
j  org.cef.browser.CefBrowserWr$1$1.run()V+8
j  java.awt.event.InvocationEvent.dispatch()V+47
j  java.awt.EventQueue.dispatchEventImpl(Ljava/awt/AWTEvent;Ljava/lang/Object;)V+21
j  java.awt.EventQueue.access$500(Ljava/awt/EventQueue;Ljava/awt/AWTEvent;Ljava/lang/Object;)V+3
j  java.awt.EventQueue$3.run()Ljava/lang/Void;+32
j  java.awt.EventQueue$3.run()Ljava/lang/Object;+1
v  ~StubRoutines::call_stub
j  java.security.AccessController.doPrivileged(Ljava/security/PrivilegedAction;Ljava/security/AccessControlContext;)Ljava/lang/Object;+0
j  java.security.ProtectionDomain$JavaSecurityAccessImpl.doIntersectionPrivilege(Ljava/security/PrivilegedAction;Ljava/security/AccessControlContext;Ljava/security/AccessControlContext;)Ljava/lang/Object;+18
j  java.awt.EventQueue.dispatchEvent(Ljava/awt/AWTEvent;)V+46
j  java.awt.EventDispatchThread.pumpOneEventForFilters(I)V+140
j  java.awt.EventDispatchThread.pumpEventsForFilter(ILjava/awt/Conditional;Ljava/awt/EventFilter;)V+35
j  java.awt.EventDispatchThread.pumpEventsForHierarchy(ILjava/awt/Conditional;Ljava/awt/Component;)V+11
j  java.awt.EventDispatchThread.pumpEvents(ILjava/awt/Conditional;)V+4
j  java.awt.EventDispatchThread.pumpEvents(Ljava/awt/Conditional;)V+3
j  java.awt.EventDispatchThread.run()V+9
v  ~StubRoutines::call_stub

---------------  P R O C E S S  ---------------

Java Threads: ( => current thread )
  0x0000000020111800 JavaThread "TimerQueue" daemon [_thread_blocked, id=23640, stack(0x000000002dd40000,0x000000002de40000)]
  0x0000000020111000 JavaThread "D3D Screen Updater" daemon [_thread_blocked, id=21784, stack(0x000000002dc40000,0x000000002dd40000)]
  0x000000002012c800 JavaThread "Thread-4" [_thread_blocked, id=8452, stack(0x000000002d970000,0x000000002da70000)]
  0x000000000264e000 JavaThread "DestroyJavaVM" [_thread_blocked, id=29488, stack(0x00000000026c0000,0x00000000027c0000)]
=>0x000000002009a000 JavaThread "AWT-EventQueue-0" [_thread_in_vm, id=28316, stack(0x00000000219e0000,0x0000000021ae0000)]
  0x0000000020099000 JavaThread "AWT-Windows" daemon [_thread_in_native, id=22972, stack(0x0000000021750000,0x0000000021850000)]
  0x000000002024b000 JavaThread "AWT-Shutdown" [_thread_blocked, id=21036, stack(0x0000000021650000,0x0000000021750000)]
  0x000000002013d000 JavaThread "Java2D Disposer" daemon [_thread_blocked, id=32684, stack(0x0000000021550000,0x0000000021650000)]
  0x000000001dabf000 JavaThread "Service Thread" daemon [_thread_blocked, id=2484, stack(0x000000001f890000,0x000000001f990000)]
  0x000000001da90800 JavaThread "C1 CompilerThread3" daemon [_thread_blocked, id=17172, stack(0x000000001f790000,0x000000001f890000)]
  0x000000001da90000 JavaThread "C2 CompilerThread2" daemon [_thread_blocked, id=22416, stack(0x000000001f690000,0x000000001f790000)]
  0x000000001da98000 JavaThread "C2 CompilerThread1" daemon [_thread_blocked, id=19064, stack(0x000000001f590000,0x000000001f690000)]
  0x000000001da8f000 JavaThread "C2 CompilerThread0" daemon [_thread_blocked, id=26512, stack(0x000000001f490000,0x000000001f590000)]
  0x000000001da92800 JavaThread "Monitor Ctrl-Break" daemon [_thread_in_native, id=23168, stack(0x000000001f390000,0x000000001f490000)]
  0x000000001d9b3800 JavaThread "Attach Listener" daemon [_thread_blocked, id=28260, stack(0x000000001f290000,0x000000001f390000)]
  0x000000001d9b2800 JavaThread "Signal Dispatcher" daemon [_thread_blocked, id=35172, stack(0x000000001f190000,0x000000001f290000)]
  0x000000001d940800 JavaThread "Finalizer" daemon [_thread_blocked, id=32408, stack(0x000000001f090000,0x000000001f190000)]
  0x000000001d939000 JavaThread "Reference Handler" daemon [_thread_blocked, id=21740, stack(0x000000001ef90000,0x000000001f090000)]

Other Threads:
  0x000000001c73d000 VMThread [stack: 0x000000001ee90000,0x000000001ef90000] [id=17460]
  0x000000001db65000 WatcherThread [stack: 0x000000001f990000,0x000000001fa90000] [id=31644]

VM state:not at safepoint (normal execution)

VM Mutex/Monitor currently owned by a thread: None

heap address: 0x00000006c0c00000, size: 4084 MB, Compressed Oops mode: Zero based, Oop shift amount: 3
Narrow klass base: 0x0000000000000000, Narrow klass shift: 3
Compressed class space size: 1073741824 Address: 0x00000007c0000000

Heap:
 PSYoungGen      total 76288K, used 27757K [0x000000076af00000, 0x0000000770400000, 0x00000007c0000000)
  eden space 65536K, 42% used [0x000000076af00000,0x000000076ca1b7d8,0x000000076ef00000)
  from space 10752K, 0% used [0x000000076f980000,0x000000076f980000,0x0000000770400000)
  to   space 10752K, 0% used [0x000000076ef00000,0x000000076ef00000,0x000000076f980000)
 ParOldGen       total 175104K, used 0K [0x00000006c0c00000, 0x00000006cb700000, 0x000000076af00000)
  object space 175104K, 0% used [0x00000006c0c00000,0x00000006c0c00000,0x00000006cb700000)
 Metaspace       used 11579K, capacity 11856K, committed 12160K, reserved 1060864K
  class space    used 1252K, capacity 1371K, committed 1408K, reserved 1048576K

Card table byte_map: [0x0000000011e40000,0x0000000012640000] byte_map_base: 0x000000000e83a000

Marking Bits: (ParMarkBitMap*) 0x000000006037bec0
 Begin Bits: [0x00000000135a0000, 0x0000000017570000)
 End Bits:   [0x0000000017570000, 0x000000001b540000)

Polling page: 0x0000000000470000

CodeCache: size=245760Kb used=2751Kb max_used=2762Kb free=243008Kb
 bounds [0x0000000002a80000, 0x0000000002d40000, 0x0000000011a80000]
 total_blobs=1135 nmethods=661 adapters=388
 compilation: enabled

Compilation events (250 events):
Event: 2.971 Thread 0x000000001da90800  530       3       java.util.ArrayList$Itr::hasNext (20 bytes)
Event: 2.971 Thread 0x000000001da90800 nmethod 530 0x0000000002cdafd0 code [0x0000000002cdb120, 0x0000000002cdb2f0]
Event: 2.971 Thread 0x000000001da90800  531       3       java.util.ArrayList$Itr::checkForComodification (23 bytes)
Event: 2.971 Thread 0x000000001da90800 nmethod 531 0x0000000002cda950 code [0x0000000002cdaac0, 0x0000000002cdace8]
Event: 2.971 Thread 0x000000001da90800  533       3       java.util.ArrayList$Itr::next (66 bytes)
Event: 2.972 Thread 0x000000001da90800 nmethod 533 0x0000000002cda050 code [0x0000000002cda200, 0x0000000002cda6e8]
Event: 2.972 Thread 0x000000001da90800  532       1       java.util.logging.Logger::getName (5 bytes)
Event: 2.972 Thread 0x000000001da90800 nmethod 532 0x0000000002cd9d90 code [0x0000000002cd9ee0, 0x0000000002cd9ff0]
Event: 2.972 Thread 0x000000001da90800  535       3       java.util.ArrayList::add (29 bytes)
Event: 2.972 Thread 0x000000001da90800 nmethod 535 0x0000000002cd91d0 code [0x0000000002cd9380, 0x0000000002cd9908]
Event: 2.972 Thread 0x000000001da90800  534       3       java.lang.ref.WeakReference::<init> (7 bytes)
Event: 2.972 Thread 0x000000001da90800 nmethod 534 0x0000000002cd8cd0 code [0x0000000002cd8e40, 0x0000000002cd90f0]
Event: 2.976 Thread 0x000000001da90800  536       3       java.lang.invoke.MemberName::initResolved (53 bytes)
Event: 2.976 Thread 0x000000001da90800 nmethod 536 0x0000000002cd7690 code [0x0000000002cd77e0, 0x0000000002cd79b0]
Event: 2.976 Thread 0x000000001da90800  537       3       java.util.AbstractMap::<init> (5 bytes)
Event: 2.976 Thread 0x000000001da90800 nmethod 537 0x0000000002cd72d0 code [0x0000000002cd7420, 0x0000000002cd75d0]
Event: 2.987 Thread 0x000000001da90800  538       3       java.lang.invoke.MethodType::insertParameterTypes (106 bytes)
Event: 2.988 Thread 0x000000001da90800 nmethod 538 0x0000000002ce3250 code [0x0000000002ce3500, 0x0000000002ce4828]
Event: 2.988 Thread 0x000000001da90800  539       3       java.lang.invoke.MemberName::getName (25 bytes)
Event: 2.988 Thread 0x000000001da90800 nmethod 539 0x0000000002ce52d0 code [0x0000000002ce5460, 0x0000000002ce58a8]
Event: 3.002 Thread 0x000000001da90800  541  s!   3       sun.misc.URLClassPath::getLoader (243 bytes)
Event: 3.003 Thread 0x000000001da90800 nmethod 541 0x0000000002ce5bd0 code [0x0000000002ce5fa0, 0x0000000002ce8748]
Event: 3.003 Thread 0x000000001da90800  542       1       sun.misc.URLClassPath$JarLoader::access$700 (5 bytes)
Event: 3.003 Thread 0x000000001da90800 nmethod 542 0x0000000002ce9fd0 code [0x0000000002cea120, 0x0000000002cea210]
Event: 3.003 Thread 0x000000001da90800  543       3       java.util.AbstractList::<init> (10 bytes)
Event: 3.003 Thread 0x000000001da90800 nmethod 543 0x0000000002cea290 code [0x0000000002cea400, 0x0000000002cea610]
Event: 3.003 Thread 0x000000001da90000  544       4       java.util.concurrent.ConcurrentHashMap::setTabAt (19 bytes)
Event: 3.004 Thread 0x000000001da90000 nmethod 544 0x0000000002ced350 code [0x0000000002ced480, 0x0000000002ced4d8]
Event: 3.004 Thread 0x000000001da90800  545       3       java.lang.String::equalsIgnoreCase (48 bytes)
Event: 3.004 Thread 0x000000001da90800 nmethod 545 0x0000000002cecd50 code [0x0000000002cecec0, 0x0000000002ced228]
Event: 3.008 Thread 0x000000001da90800  546       3       org.cef.CefApp$7::accept (33 bytes)
Event: 3.008 Thread 0x000000001da98000  547       4       java.lang.String::equalsIgnoreCase (48 bytes)
Event: 3.008 Thread 0x000000001da90800 nmethod 546 0x0000000002cec650 code [0x0000000002cec7e0, 0x0000000002cecc48]
Event: 3.012 Thread 0x000000001da98000 nmethod 547 0x0000000002cef2d0 code [0x0000000002cef440, 0x0000000002cefab8]
Event: 3.014 Thread 0x000000001da8f000  548       4       org.cef.CefApp$7::accept (33 bytes)
Event: 3.028 Thread 0x000000001da8f000 nmethod 548 0x0000000002cf2cd0 code [0x0000000002cf2ea0, 0x0000000002cf4178]
Event: 3.029 Thread 0x000000001da90800  549       3       java.util.Arrays::copyOf (46 bytes)
Event: 3.029 Thread 0x000000001da90800 nmethod 549 0x0000000002cee890 code [0x0000000002ceea40, 0x0000000002cef0e8]
Event: 3.032 Thread 0x000000001da90800  550       3       java.io.WinNTFileSystem::resolve (231 bytes)
Event: 3.033 Thread 0x000000001da90800 nmethod 550 0x0000000002cf05d0 code [0x0000000002cf08a0, 0x0000000002cf2128]
Event: 3.120 Thread 0x000000001da90800  552       3       java.io.InputStream::<init> (5 bytes)
Event: 3.121 Thread 0x000000001da90800 nmethod 552 0x0000000002cee110 code [0x0000000002cee280, 0x0000000002cee430]
Event: 3.121 Thread 0x000000001da90800  553       3       java.nio.DirectLongBufferU::get (16 bytes)
Event: 3.121 Thread 0x000000001da90800 nmethod 553 0x0000000002cedc10 code [0x0000000002cedd80, 0x0000000002cedff0]
Event: 3.122 Thread 0x000000001da90800  554       3       sun.misc.URLClassPath::getResource (83 bytes)
Event: 3.122 Thread 0x000000001da8f000  555       4       java.io.WinNTFileSystem::normalize (143 bytes)
Event: 3.122 Thread 0x000000001da90800 nmethod 554 0x0000000002cebf50 code [0x0000000002cec0e0, 0x0000000002cec4a8]
Event: 3.122 Thread 0x000000001da90800  556   !   3       java.util.zip.ZipFile$ZipFileInputStream::close (110 bytes)
Event: 3.122 Thread 0x000000001da90800 nmethod 556 0x0000000002ceb1d0 code [0x0000000002ceb380, 0x0000000002cebbb8]
Event: 3.125 Thread 0x000000001da8f000 nmethod 555 0x0000000002cf8b50 code [0x0000000002cf8cc0, 0x0000000002cf90c8]
Event: 3.138 Thread 0x000000001da90000  559       4       java.lang.String::getChars (62 bytes)
Event: 3.138 Thread 0x000000001da90800  560       1       java.util.logging.LogManager::access$500 (5 bytes)
Event: 3.138 Thread 0x000000001da90800 nmethod 560 0x0000000002cf8890 code [0x0000000002cf89e0, 0x0000000002cf8ad0]
Event: 3.139 Thread 0x000000001da90000 nmethod 559 0x0000000002cf6f50 code [0x0000000002cf70a0, 0x0000000002cf7218]
Event: 3.146 Thread 0x000000001da90800  561       3       java.util.logging.LogManager::getProperty (9 bytes)
Event: 3.146 Thread 0x000000001da90800 nmethod 561 0x0000000002cf6b50 code [0x0000000002cf6cc0, 0x0000000002cf6e68]
Event: 3.147 Thread 0x000000001da90800  562       1       java.security.CodeSource::getLocation (5 bytes)
Event: 3.147 Thread 0x000000001da90800 nmethod 562 0x0000000002cf6650 code [0x0000000002cf67a0, 0x0000000002cf68b0]
Event: 3.148 Thread 0x000000001da90800  563       3       java.util.jar.JarFile::maybeInstantiateVerifier (96 bytes)
Event: 3.149 Thread 0x000000001da90800 nmethod 563 0x0000000002cf7390 code [0x0000000002cf75c0, 0x0000000002cf8288]
Event: 3.162 Thread 0x000000001da98000  565  s    4       sun.misc.URLClassPath::getNextLoader (88 bytes)
Event: 3.162 Thread 0x000000001da90800  566       3       java.net.URLStreamHandler::setURL (40 bytes)
Event: 3.163 Thread 0x000000001da90800 nmethod 566 0x0000000002cfa550 code [0x0000000002cfa6e0, 0x0000000002cfaa98]
Event: 3.163 Thread 0x000000001da90800  564  s    3       sun.misc.URLClassPath::getLookupCache (98 bytes)
Event: 3.163 Thread 0x000000001da90800 nmethod 564 0x0000000002cf9cd0 code [0x0000000002cf9e60, 0x0000000002cfa3d8]
Event: 3.164 Thread 0x000000001da90800  567   !   3       java.util.logging.LogManager::ensureLogManagerInitialized (128 bytes)
Event: 3.164 Thread 0x000000001da90800 nmethod 567 0x0000000002cfac10 code [0x0000000002cfadc0, 0x0000000002cfb448]
Event: 3.183 Thread 0x000000001da98000 nmethod 565 0x0000000002d00250 code [0x0000000002d004a0, 0x0000000002d01e30]
Event: 3.246 Thread 0x000000001da90800  568       1       java.util.logging.Level::intValue (5 bytes)
Event: 3.246 Thread 0x000000001da90800 nmethod 568 0x0000000002cfff90 code [0x0000000002d000e0, 0x0000000002d001f0]
Event: 3.251 Thread 0x000000001da90800  569       3       java.util.HashMap$HashIterator::nextNode (100 bytes)
Event: 3.251 Thread 0x000000001da90000  571       4       java.lang.Math::min (11 bytes)
Event: 3.252 Thread 0x000000001da90800 nmethod 569 0x0000000002cff6d0 code [0x0000000002cff880, 0x0000000002cffd78]
Event: 3.252 Thread 0x000000001da90800  573       3       java.lang.String::compareTo (78 bytes)
Event: 3.252 Thread 0x000000001da90000 nmethod 571 0x0000000002cfc890 code [0x0000000002cfc9c0, 0x0000000002cfca18]
Event: 3.252 Thread 0x000000001da90800 nmethod 573 0x0000000002cfc190 code [0x0000000002cfc300, 0x0000000002cfc670]
Event: 3.252 Thread 0x000000001da90800  570       3       java.util.HashMap$KeyIterator::next (8 bytes)
Event: 3.252 Thread 0x000000001da90800 nmethod 570 0x0000000002cfbd50 code [0x0000000002cfbec0, 0x0000000002cfc0c8]
Event: 3.252 Thread 0x000000001da90800  572       3       java.lang.String::compareTo (9 bytes)
Event: 3.252 Thread 0x000000001da90800 nmethod 572 0x0000000002cff1d0 code [0x0000000002cff340, 0x0000000002cff628]
Event: 3.252 Thread 0x000000001da90800  574       1       java.util.HashMap$Node::getValue (5 bytes)
Event: 3.252 Thread 0x000000001da90800 nmethod 574 0x0000000002cfef10 code [0x0000000002cff060, 0x0000000002cff170]
Event: 3.253 Thread 0x000000001da90800  575       3       java.util.HashMap::afterNodeAccess (1 bytes)
Event: 3.253 Thread 0x000000001da90800 nmethod 575 0x0000000002cfec10 code [0x0000000002cfed60, 0x0000000002cfeeb0]
Event: 3.253 Thread 0x000000001da90800  576       3       java.lang.Math::max (11 bytes)
Event: 3.253 Thread 0x000000001da90800 nmethod 576 0x0000000002cfe8d0 code [0x0000000002cfea20, 0x0000000002cfebb0]
Event: 3.253 Thread 0x000000001da90800  577       3       java.util.AbstractSet::<init> (5 bytes)
Event: 3.253 Thread 0x000000001da90800 nmethod 577 0x0000000002cfe490 code [0x0000000002cfe600, 0x0000000002cfe810]
Event: 3.253 Thread 0x000000001da90800  579       3       java.util.HashSet::add (20 bytes)
Event: 3.253 Thread 0x000000001da90800 nmethod 579 0x0000000002cfdfd0 code [0x0000000002cfe140, 0x0000000002cfe3c8]
Event: 3.254 Thread 0x000000001da90800  578       1       java.util.concurrent.atomic.AtomicInteger::get (5 bytes)
Event: 3.254 Thread 0x000000001da90800 nmethod 578 0x0000000002cfdd10 code [0x0000000002cfde60, 0x0000000002cfdf70]
Event: 3.254 Thread 0x000000001da90800  580       3       java.util.IdentityHashMap$IdentityHashMapIterator::hasNext (50 bytes)
Event: 3.254 Thread 0x000000001da90800 nmethod 580 0x0000000002cfd810 code [0x0000000002cfd980, 0x0000000002cfdc10]
Event: 3.254 Thread 0x000000001da90800  582       3       java.util.HashMap::resize (359 bytes)
Event: 3.255 Thread 0x000000001da90800 nmethod 582 0x0000000002d03850 code [0x0000000002d03aa0, 0x0000000002d04ce8]
Event: 3.255 Thread 0x000000001da90800  581       3       java.lang.Float::isNaN (12 bytes)
Event: 3.255 Thread 0x000000001da90800 nmethod 581 0x0000000002cfd090 code [0x0000000002cfd1e0, 0x0000000002cfd390]
Event: 3.256 Thread 0x000000001da90800  583       3       java.util.logging.LogManager$LoggerContext::requiresDefaultLoggers (29 bytes)
Event: 3.256 Thread 0x000000001da90800 nmethod 583 0x0000000002d05450 code [0x0000000002d055c0, 0x0000000002d05a08]
Event: 3.256 Thread 0x000000001da90800  584       3       java.util.logging.LogManager::access$100 (4 bytes)
Event: 3.256 Thread 0x000000001da90800 nmethod 584 0x0000000002cfcd90 code [0x0000000002cfcee0, 0x0000000002cfd010]
Event: 3.275 Thread 0x000000001da90800  586       3       java.util.Hashtable::addEntry (87 bytes)
Event: 3.276 Thread 0x000000001da90800 nmethod 586 0x0000000002d05b10 code [0x0000000002d05cc0, 0x0000000002d06318]
Event: 3.276 Thread 0x000000001da90800  585       3       java.util.Hashtable$Entry::<init> (26 bytes)
Event: 3.276 Thread 0x000000001da90800 nmethod 585 0x0000000002d06650 code [0x0000000002d067a0, 0x0000000002d069b0]
Event: 3.276 Thread 0x000000001da90800  587       3       java.lang.invoke.MethodType::toMethodDescriptorString (21 bytes)
Event: 3.276 Thread 0x000000001da90800 nmethod 587 0x0000000002d06a90 code [0x0000000002d06ca0, 0x0000000002d077b8]
Event: 3.277 Thread 0x000000001da90800  588       3       java.lang.invoke.MethodType$ConcurrentWeakInternSet$WeakEntry::equals (49 bytes)
Event: 3.277 Thread 0x000000001da90800 nmethod 588 0x0000000002d07f10 code [0x0000000002d080a0, 0x0000000002d08708]
Event: 3.277 Thread 0x000000001da90800  589       3       jdk.internal.org.objectweb.asm.Item::<init> (5 bytes)
Event: 3.277 Thread 0x000000001da90800 nmethod 589 0x0000000002d08810 code [0x0000000002d08960, 0x0000000002d08b10]
Event: 3.277 Thread 0x000000001da90800  590       3       java.util.Arrays::equals (78 bytes)
Event: 3.277 Thread 0x000000001da90800 nmethod 590 0x0000000002d08bd0 code [0x0000000002d08d60, 0x0000000002d09248]
Event: 3.282 Thread 0x000000001da90800  591       1       java.util.HashMap::afterNodeInsertion (1 bytes)
Event: 3.282 Thread 0x000000001da90800 nmethod 591 0x0000000002d09610 code [0x0000000002d09760, 0x0000000002d09870]
Event: 3.283 Thread 0x000000001da90800  593       3       sun.util.ResourceBundleEnumeration::hasMoreElements (117 bytes)
Event: 3.283 Thread 0x000000001da90800 nmethod 593 0x0000000002d098d0 code [0x0000000002d09ac0, 0x0000000002d0a508]
Event: 3.283 Thread 0x000000001da90800  592       3       java.lang.String::toString (2 bytes)
Event: 3.283 Thread 0x000000001da90800 nmethod 592 0x0000000002d0a750 code [0x0000000002d0a8a0, 0x0000000002d0a9f0]
Event: 3.284 Thread 0x000000001da90800  594       3       sun.misc.Launcher$AppClassLoader::loadClass (85 bytes)
Event: 3.284 Thread 0x000000001da90800 nmethod 594 0x0000000002d0aa50 code [0x0000000002d0ac80, 0x0000000002d0b9c8]
Event: 3.284 Thread 0x000000001da90800  595  s    3       sun.misc.URLClassPath::knownToNotExist (24 bytes)
Event: 3.285 Thread 0x000000001da90800 nmethod 595 0x0000000002d0be50 code [0x0000000002d0bfc0, 0x0000000002d0c388]
Event: 3.285 Thread 0x000000001da90800  596  s    3       java.lang.StringBuffer::append (13 bytes)
Event: 3.286 Thread 0x000000001da90800 nmethod 596 0x0000000002d0c450 code [0x0000000002d0c5c0, 0x0000000002d0c8e8]
Event: 3.291 Thread 0x000000001da90000  597       4       java.lang.AbstractStringBuilder::append (50 bytes)
Event: 3.293 Thread 0x000000001da90800  598       3       java.util.Locale::getDefault (4 bytes)
Event: 3.293 Thread 0x000000001da90800 nmethod 598 0x0000000002d0c9d0 code [0x0000000002d0cb20, 0x0000000002d0cc70]
Event: 3.294 Thread 0x000000001da90000 nmethod 597 0x0000000002d0fd10 code [0x0000000002d0fe60, 0x0000000002d10298]
Event: 3.490 Thread 0x000000001da90800  599       3       sun.util.logging.PlatformLogger::isLoggable (38 bytes)
Event: 3.491 Thread 0x000000001da90800 nmethod 599 0x0000000002d0e210 code [0x0000000002d0e3e0, 0x0000000002d0ec08]
Event: 3.491 Thread 0x000000001da90800  600       3       sun.util.logging.PlatformLogger$JavaLoggerProxy::isLoggable (12 bytes)
Event: 3.491 Thread 0x000000001da90800 nmethod 600 0x0000000002d0d790 code [0x0000000002d0d920, 0x0000000002d0df90]
Event: 3.491 Thread 0x000000001da90800  601       3       sun.awt.AppContext::getAppContext (51 bytes)
Event: 3.491 Thread 0x000000001da90800 nmethod 601 0x0000000002d0cdd0 code [0x0000000002d0cf80, 0x0000000002d0d5f8]
Event: 3.505 Thread 0x000000001da90800  602       3       java.lang.AbstractStringBuilder::append (50 bytes)
Event: 3.505 Thread 0x000000001da90800 nmethod 602 0x0000000002d10e90 code [0x0000000002d11060, 0x0000000002d117b8]
Event: 3.506 Thread 0x000000001da90800  603       3       java.util.WeakHashMap::remove (133 bytes)
Event: 3.506 Thread 0x000000001da98000  604   !   4       sun.misc.URLClassPath$JarLoader::getResource (85 bytes)
Event: 3.506 Thread 0x000000001da90800 nmethod 603 0x0000000002d11ad0 code [0x0000000002d11cc0, 0x0000000002d127a8]
Event: 3.506 Thread 0x000000001da90800  605       3       java.nio.DirectLongBufferU::put (18 bytes)
Event: 3.506 Thread 0x000000001da90800 nmethod 605 0x0000000002d12c10 code [0x0000000002d12d80, 0x0000000002d12ff0]
Event: 3.507 Thread 0x000000001da90800  606       3       java.lang.String::concat (47 bytes)
Event: 3.507 Thread 0x000000001da90800 nmethod 606 0x0000000002d13350 code [0x0000000002d13520, 0x0000000002d13cd8]
Event: 3.507 Thread 0x000000001da90800  607       3       java.lang.String::getChars (16 bytes)
Event: 3.507 Thread 0x000000001da90800 nmethod 607 0x0000000002d14050 code [0x0000000002d141c0, 0x0000000002d143c8]
Event: 3.511 Thread 0x000000001da90800  608       3       java.lang.Integer::valueOf (32 bytes)
Event: 3.511 Thread 0x000000001da90800 nmethod 608 0x0000000002d14690 code [0x0000000002d14800, 0x0000000002d14b50]
Event: 3.511 Thread 0x000000001da90800  609       3       java.lang.Integer::<init> (10 bytes)
Event: 3.511 Thread 0x000000001da90800 nmethod 609 0x0000000002d14d10 code [0x0000000002d14e80, 0x0000000002d15090]
Event: 3.511 Thread 0x000000001da90800  611       3       java.lang.Integer::hashCode (2 bytes)
Event: 3.511 Thread 0x000000001da90800 nmethod 611 0x0000000002d15150 code [0x0000000002d152a0, 0x0000000002d153d0]
Event: 3.511 Thread 0x000000001da90800  610       3       java.lang.Integer::hashCode (8 bytes)
Event: 3.511 Thread 0x000000001da90800 nmethod 610 0x0000000002d15450 code [0x0000000002d155a0, 0x0000000002d15750]
Event: 3.516 Thread 0x000000001da90800  612       1       java.lang.Integer::intValue (5 bytes)
Event: 3.516 Thread 0x000000001da90800 nmethod 612 0x0000000002d15810 code [0x0000000002d15960, 0x0000000002d15a70]
Event: 3.521 Thread 0x000000001da98000 nmethod 604 0x0000000002d19a90 code [0x0000000002d19ce0, 0x0000000002d1b030]
Event: 3.524 Thread 0x000000001da90800  613       3       java.lang.invoke.MemberName::isResolved (13 bytes)
Event: 3.524 Thread 0x000000001da90800 nmethod 613 0x0000000002d19710 code [0x0000000002d19860, 0x0000000002d19a10]
Event: 3.524 Thread 0x000000001da90800  615       3       jdk.internal.org.objectweb.asm.Label::resolve (214 bytes)
Event: 3.524 Thread 0x000000001da90800 nmethod 615 0x0000000002d18c50 code [0x0000000002d18de0, 0x0000000002d192b0]
Event: 3.524 Thread 0x000000001da90800  616       3       java.lang.invoke.MemberName::getReferenceKind (12 bytes)
Event: 3.524 Thread 0x000000001da90800 nmethod 616 0x0000000002d18910 code [0x0000000002d18a60, 0x0000000002d18bd0]
Event: 3.524 Thread 0x000000001da90800  614       3       jdk.internal.org.objectweb.asm.Label::<init> (5 bytes)
Event: 3.524 Thread 0x000000001da90800 nmethod 614 0x0000000002d18550 code [0x0000000002d186a0, 0x0000000002d18850]
Event: 3.568 Thread 0x000000001da90800  617       1       sun.java2d.loops.SurfaceType::getUniqueID (5 bytes)
Event: 3.568 Thread 0x000000001da90800 nmethod 617 0x0000000002d1ecd0 code [0x0000000002d1ee20, 0x0000000002d1ef30]
Event: 3.568 Thread 0x000000001da90800  618       1       sun.java2d.loops.CompositeType::getUniqueID (5 bytes)
Event: 3.568 Thread 0x000000001da90800 nmethod 618 0x0000000002d1ef90 code [0x0000000002d1f0e0, 0x0000000002d1f1f0]
Event: 3.568 Thread 0x000000001da90800  619  s    3       sun.java2d.loops.GraphicsPrimitive::makeUniqueID (26 bytes)
Event: 3.568 Thread 0x000000001da90800 nmethod 619 0x0000000002d1f250 code [0x0000000002d1f3c0, 0x0000000002d1f850]
Event: 3.568 Thread 0x000000001da90800  620       3       sun.java2d.loops.GraphicsPrimitive::<init> (75 bytes)
Event: 3.569 Thread 0x000000001da90800 nmethod 620 0x0000000002d1f990 code [0x0000000002d1fb20, 0x0000000002d20210]
Event: 3.705 Thread 0x000000001da90800  621       3       java.io.FilterInputStream::<init> (10 bytes)
Event: 3.705 Thread 0x000000001da90800 nmethod 621 0x0000000002d22dd0 code [0x0000000002d22f40, 0x0000000002d23190]
Event: 3.705 Thread 0x000000001da90800  622       3       java.lang.Short::valueOf (37 bytes)
Event: 3.706 Thread 0x000000001da90800 nmethod 622 0x0000000002d23290 code [0x0000000002d23400, 0x0000000002d23750]
Event: 3.706 Thread 0x000000001da90800  623       3       sun.awt.FontConfiguration::getComponentFontID (25 bytes)
Event: 3.706 Thread 0x000000001da90800 nmethod 623 0x0000000002d23910 code [0x0000000002d23a80, 0x0000000002d23c70]
Event: 3.706 Thread 0x000000001da90000  624       4       java.lang.StringBuilder::append (8 bytes)
Event: 3.707 Thread 0x000000001da90800  625       3       sun.awt.FontConfiguration::getString (53 bytes)
Event: 3.707 Thread 0x000000001da90800 nmethod 625 0x0000000002d23d90 code [0x0000000002d23f20, 0x0000000002d243a8]
Event: 3.707 Thread 0x000000001da90800  628       3       java.util.HashSet::contains (9 bytes)
Event: 3.708 Thread 0x000000001da90800 nmethod 628 0x0000000002d24810 code [0x0000000002d24980, 0x0000000002d24ba8]
Event: 3.708 Thread 0x000000001da90800  626       3       sun.awt.FontConfiguration::getComponentFileID (6 bytes)
Event: 3.708 Thread 0x000000001da90800 nmethod 626 0x0000000002d24c50 code [0x0000000002d24da0, 0x0000000002d24f10]
Event: 3.708 Thread 0x000000001da90800  627       3       sun.awt.FontConfiguration::getComponentFontName (15 bytes)
Event: 3.708 Thread 0x000000001da90800 nmethod 627 0x0000000002d24fd0 code [0x0000000002d25140, 0x0000000002d25328]
Event: 3.708 Thread 0x000000001da98000  629       4       java.lang.String::indexOf (7 bytes)
Event: 3.709 Thread 0x000000001da90000 nmethod 624 0x0000000002d28450 code [0x0000000002d285c0, 0x0000000002d28a28]
Event: 3.709 Thread 0x000000001da98000 nmethod 629 0x0000000002d28e50 code [0x0000000002d28f80, 0x0000000002d290f8]
Event: 3.714 Thread 0x000000001da90800  630       1       sun.java2d.loops.GraphicsPrimitive::getUniqueID (5 bytes)
Event: 3.714 Thread 0x000000001da90800 nmethod 630 0x0000000002d27f90 code [0x0000000002d280e0, 0x0000000002d281f0]
Event: 3.714 Thread 0x000000001da90800  631       3       sun.java2d.loops.GraphicsPrimitiveMgr$1::compare (39 bytes)
Event: 3.714 Thread 0x000000001da90800 nmethod 631 0x0000000002d27810 code [0x0000000002d27980, 0x0000000002d27e90]
Event: 3.714 Thread 0x000000001da8f000  632       4       sun.java2d.loops.GraphicsPrimitiveMgr$1::compare (39 bytes)
Event: 3.714 Thread 0x000000001da90800  633       3       sun.java2d.loops.GraphicsPrimitiveMgr$2::compare (39 bytes)
Event: 3.714 Thread 0x000000001da90800 nmethod 633 0x0000000002d270d0 code [0x0000000002d27240, 0x0000000002d276d0]
Event: 3.715 Thread 0x000000001da90800  634       1       sun.java2d.loops.CompositeType::getSuperType (5 bytes)
Event: 3.715 Thread 0x000000001da90800 nmethod 634 0x0000000002d26e10 code [0x0000000002d26f60, 0x0000000002d27070]
Event: 3.715 Thread 0x000000001da90800  635       3       java.util.Arrays::binarySearch0 (95 bytes)
Event: 3.715 Thread 0x000000001da90800 nmethod 635 0x0000000002d2aa10 code [0x0000000002d2aba0, 0x0000000002d2afd8]
Event: 3.715 Thread 0x000000001da8f000 nmethod 632 0x0000000002d25590 code [0x0000000002d256e0, 0x0000000002d257d8]
Event: 3.715 Thread 0x000000001da90800  636       3       sun.java2d.loops.GraphicsPrimitiveMgr::locate (104 bytes)
Event: 3.715 Thread 0x000000001da90000  639       4       sun.java2d.loops.GraphicsPrimitiveMgr$2::compare (39 bytes)
Event: 3.716 Thread 0x000000001da90800 nmethod 636 0x0000000002d25e90 code [0x0000000002d26080, 0x0000000002d26ab8]
Event: 3.716 Thread 0x000000001da90800  637       3       java.util.Arrays::binarySearch (10 bytes)
Event: 3.716 Thread 0x000000001da90800 nmethod 637 0x0000000002d25ad0 code [0x0000000002d25c40, 0x0000000002d25dc8]
Event: 3.716 Thread 0x000000001da90800  638       1       sun.java2d.loops.SurfaceType::getSuperType (5 bytes)
Event: 3.716 Thread 0x000000001da90800 nmethod 638 0x0000000002d2a750 code [0x0000000002d2a8a0, 0x0000000002d2a9b0]
Event: 3.716 Thread 0x000000001da90000 nmethod 639 0x0000000002d2c9d0 code [0x0000000002d2cb20, 0x0000000002d2cbf8]
Event: 3.718 Thread 0x000000001da90800  640       1       java.awt.Component::getParent_NoClientCode (5 bytes)
Event: 3.718 Thread 0x000000001da90800 nmethod 640 0x0000000002d2a490 code [0x0000000002d2a5e0, 0x0000000002d2a6f0]
Event: 3.720 Thread 0x000000001da90800  641       3       java.awt.Component::getTreeLock (4 bytes)
Event: 3.720 Thread 0x000000001da90800 nmethod 641 0x0000000002d2a190 code [0x0000000002d2a2e0, 0x0000000002d2a430]
Event: 3.725 Thread 0x000000001da90800  642       1       java.awt.Component::getPeer (5 bytes)
Event: 3.725 Thread 0x000000001da90800 nmethod 642 0x0000000002d29ed0 code [0x0000000002d2a020, 0x0000000002d2a130]
Event: 3.749 Thread 0x000000001da90800  643       3       java.awt.Component::checkTreeLock (21 bytes)
Event: 3.749 Thread 0x000000001da90800 nmethod 643 0x0000000002d2c3d0 code [0x0000000002d2c560, 0x0000000002d2c8b8]
Event: 3.763 Thread 0x000000001da90800  646       3       sun.util.logging.LoggingSupport::ensureAvailable (17 bytes)
Event: 3.763 Thread 0x000000001da90800 nmethod 646 0x0000000002d2b490 code [0x0000000002d2b5e0, 0x0000000002d2b730]
Event: 3.775 Thread 0x000000001da90800  648       1       java.util.concurrent.locks.AbstractQueuedSynchronizer::getState (5 bytes)
Event: 3.776 Thread 0x000000001da90800 nmethod 648 0x0000000002d2cd10 code [0x0000000002d2ce60, 0x0000000002d2cf70]
Event: 3.776 Thread 0x000000001da90800  649       1       java.util.concurrent.locks.AbstractOwnableSynchronizer::getExclusiveOwnerThread (5 bytes)
Event: 3.776 Thread 0x000000001da90800 nmethod 649 0x0000000002d2cfd0 code [0x0000000002d2d120, 0x0000000002d2d230]
Event: 3.783 Thread 0x000000001da90800  650       3       java.util.logging.Logger::isLoggable (25 bytes)
Event: 3.783 Thread 0x000000001da90800 nmethod 650 0x0000000002d2d290 code [0x0000000002d2d400, 0x0000000002d2d690]
Event: 3.783 Thread 0x000000001da90800  651   !   3       sun.awt.AppContext::get (123 bytes)
Event: 3.784 Thread 0x000000001da90800 nmethod 651 0x0000000002d2d750 code [0x0000000002d2d900, 0x0000000002d2e228]
Event: 3.784 Thread 0x000000001da90800  652       1       java.awt.AWTEvent::getID (5 bytes)
Event: 3.784 Thread 0x000000001da90800 nmethod 652 0x0000000002d2e690 code [0x0000000002d2e7e0, 0x0000000002d2e8f0]
Event: 3.784 Thread 0x000000001da90800  653       3       java.awt.Component::getContainer (5 bytes)
Event: 3.784 Thread 0x000000001da90800 nmethod 653 0x0000000002d2e950 code [0x0000000002d2eaa0, 0x0000000002d2ec90]
Event: 3.785 Thread 0x000000001da90800  654       1       java.awt.Component::getX (5 bytes)
Event: 3.786 Thread 0x000000001da90800 nmethod 654 0x0000000002d2ed10 code [0x0000000002d2ee60, 0x0000000002d2ef70]
Event: 3.786 Thread 0x000000001da90800  655       1       java.awt.Component::getY (5 bytes)
Event: 3.786 Thread 0x000000001da90800 nmethod 655 0x0000000002d2efd0 code [0x0000000002d2f120, 0x0000000002d2f230]
Event: 3.786 Thread 0x000000001da90800  656       1       java.util.EventObject::getSource (5 bytes)
Event: 3.786 Thread 0x000000001da90800 nmethod 656 0x0000000002d2f290 code [0x0000000002d2f3e0, 0x0000000002d2f4f0]
Event: 3.788 Thread 0x000000001da90800  657       3       java.util.concurrent.locks.AbstractOwnableSynchronizer::setExclusiveOwnerThread (6 bytes)
Event: 3.789 Thread 0x000000001da90800 nmethod 657 0x0000000002d2f550 code [0x0000000002d2f6a0, 0x0000000002d2f810]
Event: 3.803 Thread 0x000000001da90800  658       3       java.awt.Component::getParent (5 bytes)
Event: 3.803 Thread 0x000000001da90800 nmethod 658 0x0000000002d2fad0 code [0x0000000002d2fc20, 0x0000000002d2fe10]
Event: 3.809 Thread 0x000000001da90800  659       3       java.util.ArrayList$Itr::next (66 bytes)
Event: 3.809 Thread 0x000000001da90800 nmethod 659 0x0000000002d30090 code [0x0000000002d30240, 0x0000000002d30728]
Event: 3.811 Thread 0x000000001da90800  660       3       sun.util.locale.LocaleUtils::toLower (17 bytes)
Event: 3.811 Thread 0x000000001da90800 nmethod 660 0x0000000002d30c10 code [0x0000000002d30d80, 0x0000000002d30ff0]
Event: 3.832 Thread 0x000000001da98000  661       4       java.util.ArrayList::get (11 bytes)
Event: 3.833 Thread 0x000000001da98000 nmethod 661 0x0000000002d33d50 code [0x0000000002d33e80, 0x0000000002d33f38]

GC Heap History (0 events):
No events

Deoptimization events (4 events):
Event: 1.056 Thread 0x000000001d9b3800 Uncommon trap: reason=unstable_if action=reinterpret pc=0x0000000002c43948 method=java.lang.ThreadLocal.get()Ljava/lang/Object; @ 11
Event: 1.083 Thread 0x000000001d9b3800 Uncommon trap: reason=unstable_if action=reinterpret pc=0x0000000002c43d84 method=java.lang.ThreadLocal$ThreadLocalMap.getEntry(Ljava/lang/ThreadLocal;)Ljava/lang/ThreadLocal$ThreadLocalMap$Entry; @ 21
Event: 3.029 Thread 0x000000002009a000 Uncommon trap: reason=unstable_if action=reinterpret pc=0x0000000002cf38c4 method=org.cef.CefApp$7.accept(Ljava/io/File;Ljava/lang/String;)Z @ 24
Event: 3.490 Thread 0x000000002009a000 Uncommon trap: reason=unstable_if action=reinterpret pc=0x0000000002d10254 method=java.lang.AbstractStringBuilder.append(Ljava/lang/String;)Ljava/lang/AbstractStringBuilder; @ 1

Classes redefined (0 events):
No events

Internal exceptions (18 events):
Event: 0.093 Thread 0x000000000264e000 Exception <a 'java/lang/NoSuchMethodError': Method sun.misc.Unsafe.defineClass(Ljava/lang/String;[BII)Ljava/lang/Class; name or signature does not match> (0x000000076af07cb0) thrown at [C:\cygwin64\tmp\ojdkbuild\lookaside\java-1.8.0-openjdk\hotspot\src\sh
Event: 0.093 Thread 0x000000000264e000 Exception <a 'java/lang/NoSuchMethodError': Method sun.misc.Unsafe.prefetchRead(Ljava/lang/Object;J)V name or signature does not match> (0x000000076af07f98) thrown at [C:\cygwin64\tmp\ojdkbuild\lookaside\java-1.8.0-openjdk\hotspot\src\share\vm\prims\jni.c
Event: 0.242 Thread 0x000000000264e000 Exception <a 'java/security/PrivilegedActionException'> (0x000000076b131250) thrown at [C:\cygwin64\tmp\ojdkbuild\lookaside\java-1.8.0-openjdk\hotspot\src\share\vm\prims\jvm.cpp, line 1512]
Event: 0.242 Thread 0x000000000264e000 Exception <a 'java/security/PrivilegedActionException'> (0x000000076b131460) thrown at [C:\cygwin64\tmp\ojdkbuild\lookaside\java-1.8.0-openjdk\hotspot\src\share\vm\prims\jvm.cpp, line 1512]
Event: 0.242 Thread 0x000000000264e000 Exception <a 'java/security/PrivilegedActionException'> (0x000000076b133e50) thrown at [C:\cygwin64\tmp\ojdkbuild\lookaside\java-1.8.0-openjdk\hotspot\src\share\vm\prims\jvm.cpp, line 1512]
Event: 0.242 Thread 0x000000000264e000 Exception <a 'java/security/PrivilegedActionException'> (0x000000076b134060) thrown at [C:\cygwin64\tmp\ojdkbuild\lookaside\java-1.8.0-openjdk\hotspot\src\share\vm\prims\jvm.cpp, line 1512]
Event: 0.242 Thread 0x000000000264e000 Exception <a 'java/security/PrivilegedActionException'> (0x000000076b134ed8) thrown at [C:\cygwin64\tmp\ojdkbuild\lookaside\java-1.8.0-openjdk\hotspot\src\share\vm\prims\jvm.cpp, line 1512]
Event: 0.242 Thread 0x000000000264e000 Exception <a 'java/security/PrivilegedActionException'> (0x000000076b1350e8) thrown at [C:\cygwin64\tmp\ojdkbuild\lookaside\java-1.8.0-openjdk\hotspot\src\share\vm\prims\jvm.cpp, line 1512]
Event: 0.297 Thread 0x000000000264e000 Exception <a 'java/lang/NoSuchFieldError': method resolution failed> (0x000000076b63a790) thrown at [C:\cygwin64\tmp\ojdkbuild\lookaside\java-1.8.0-openjdk\hotspot\src\share\vm\prims\methodHandles.cpp, line 1167]
Event: 0.298 Thread 0x000000000264e000 Exception <a 'java/lang/NoSuchFieldError': method resolution failed> (0x000000076b6486f0) thrown at [C:\cygwin64\tmp\ojdkbuild\lookaside\java-1.8.0-openjdk\hotspot\src\share\vm\prims\methodHandles.cpp, line 1167]
Event: 1.055 Thread 0x000000001d9b3800 Implicit null exception at 0x0000000002c4389a to 0x0000000002c43935
Event: 1.083 Thread 0x000000001d9b3800 Implicit null exception at 0x0000000002c43cf4 to 0x0000000002c43d69
Event: 2.923 Thread 0x000000000264e000 Exception <a 'java/io/FileNotFoundException'> (0x000000076bb6da88) thrown at [C:\cygwin64\tmp\ojdkbuild\lookaside\java-1.8.0-openjdk\hotspot\src\share\vm\prims\jni.cpp, line 711]
Event: 2.933 Thread 0x000000000264e000 Exception <a 'java/lang/ClassNotFoundException': sun/dc/DuctusRenderingEngine> (0x000000076bbd3aa0) thrown at [C:\cygwin64\tmp\ojdkbuild\lookaside\java-1.8.0-openjdk\hotspot\src\share\vm\classfile\systemDictionary.cpp, line 210]
Event: 3.279 Thread 0x000000000264e000 Exception <a 'java/io/FileNotFoundException'> (0x000000076c216020) thrown at [C:\cygwin64\tmp\ojdkbuild\lookaside\java-1.8.0-openjdk\hotspot\src\share\vm\prims\jni.cpp, line 711]
Event: 3.490 Thread 0x000000002009a000 Implicit null exception at 0x0000000002d0fe96 to 0x0000000002d10239
Event: 3.693 Thread 0x000000002009a000 Exception <a 'java/io/FileNotFoundException'> (0x000000076c63f558) thrown at [C:\cygwin64\tmp\ojdkbuild\lookaside\java-1.8.0-openjdk\hotspot\src\share\vm\prims\jni.cpp, line 711]
Event: 3.693 Thread 0x000000002009a000 Exception <a 'java/lang/NullPointerException'> (0x000000076c63fb90) thrown at [C:\cygwin64\tmp\ojdkbuild\lookaside\java-1.8.0-openjdk\hotspot\src\share\vm\interpreter\linkResolver.cpp, line 1185]

Events (250 events):
Event: 3.692 loading class sun/awt/Win32FontManager
Event: 3.692 loading class sun/awt/Win32FontManager done
Event: 3.692 loading class sun/awt/Win32FontManager$1
Event: 3.692 loading class sun/awt/Win32FontManager$1 done
Event: 3.692 loading class sun/font/Font2DHandle
Event: 3.692 loading class sun/font/Font2DHandle done
Event: 3.692 loading class sun/font/TrueTypeFont$TTDisposerRecord
Event: 3.692 loading class sun/font/TrueTypeFont$TTDisposerRecord done
Event: 3.692 loading class sun/font/TrueTypeFont$1
Event: 3.692 loading class sun/font/TrueTypeFont$1 done
Event: 3.692 loading class java/io/RandomAccessFile
Event: 3.692 loading class java/io/DataOutput
Event: 3.692 loading class java/io/DataOutput done
Event: 3.692 loading class java/io/RandomAccessFile done
Event: 3.692 Executing VM operation: Deoptimize
Event: 3.693 Executing VM operation: Deoptimize done
Event: 3.693 loading class java/awt/FontFormatException
Event: 3.693 loading class java/awt/FontFormatException done
Event: 3.693 loading class sun/font/CompositeFont
Event: 3.693 loading class sun/font/CompositeFont done
Event: 3.693 loading class sun/font/SunFontManager$2
Event: 3.693 loading class sun/font/SunFontManager$2 done
Event: 3.693 loading class sun/font/SunFontManager$FontRegistrationInfo
Event: 3.694 loading class sun/font/SunFontManager$FontRegistrationInfo done
Event: 3.694 loading class sun/awt/windows/WFontConfiguration
Event: 3.694 loading class sun/awt/FontConfiguration
Event: 3.694 loading class sun/awt/FontConfiguration done
Event: 3.694 loading class sun/awt/windows/WFontConfiguration done
Event: 3.695 loading class sun/awt/FontDescriptor
Event: 3.695 loading class sun/awt/FontDescriptor done
Event: 3.707 loading class sun/font/CompositeFontDescriptor
Event: 3.707 loading class sun/font/CompositeFontDescriptor done
Event: 3.707 loading class sun/font/FontFamily
Event: 3.708 loading class sun/font/FontFamily done
Event: 3.708 loading class sun/font/SunFontManager$3
Event: 3.708 loading class sun/font/SunFontManager$3 done
Event: 3.708 loading class sun/awt/Win32FontManager$2
Event: 3.708 loading class sun/awt/Win32FontManager$2 done
Event: 3.708 loading class sun/awt/FontConfiguration$2
Event: 3.708 loading class sun/awt/FontConfiguration$2 done
Event: 3.708 loading class sun/awt/windows/WingDings
Event: 3.708 loading class sun/awt/windows/WingDings done
Event: 3.708 loading class sun/awt/windows/WingDings$Encoder
Event: 3.709 loading class sun/awt/windows/WingDings$Encoder done
Event: 3.709 loading class sun/awt/Symbol
Event: 3.709 loading class sun/awt/Symbol done
Event: 3.709 loading class sun/awt/Symbol$Encoder
Event: 3.709 loading class sun/awt/Symbol$Encoder done
Event: 3.711 loading class sun/awt/im/InputMethodManager
Event: 3.711 loading class sun/awt/im/InputMethodManager done
Event: 3.711 loading class sun/awt/im/ExecutableInputMethodManager
Event: 3.711 loading class sun/awt/im/ExecutableInputMethodManager done
Event: 3.711 loading class sun/awt/windows/WInputMethodDescriptor
Event: 3.711 loading class java/awt/im/spi/InputMethodDescriptor
Event: 3.711 loading class java/awt/im/spi/InputMethodDescriptor done
Event: 3.711 loading class sun/awt/windows/WInputMethodDescriptor done
Event: 3.711 loading class sun/awt/im/InputMethodLocator
Event: 3.711 loading class sun/awt/im/InputMethodLocator done
Event: 3.711 loading class sun/awt/im/ExecutableInputMethodManager$3
Event: 3.711 loading class sun/awt/im/ExecutableInputMethodManager$3 done
Event: 3.712 loading class java/awt/peer/LightweightPeer
Event: 3.712 loading class java/awt/peer/LightweightPeer done
Event: 3.712 loading class sun/awt/NullComponentPeer
Event: 3.712 loading class sun/awt/NullComponentPeer done
Event: 3.713 loading class sun/java2d/loops/RenderLoops
Event: 3.713 loading class sun/java2d/loops/RenderLoops done
Event: 3.713 loading class sun/java2d/loops/GraphicsPrimitiveMgr$PrimitiveSpec
Event: 3.713 loading class sun/java2d/loops/GraphicsPrimitiveMgr$PrimitiveSpec done
Event: 3.713 loading class java/util/TimSort
Event: 3.713 loading class java/util/TimSort done
Event: 3.719 loading class java/applet/Applet
Event: 3.719 loading class java/awt/Panel
Event: 3.719 loading class java/awt/Panel done
Event: 3.719 loading class java/applet/Applet done
Event: 3.720 loading class javax/swing/SwingHeavyWeight
Event: 3.724 loading class javax/swing/SwingHeavyWeight done
Event: 3.725 loading class java/awt/SplashScreen
Event: 3.725 loading class java/awt/SplashScreen done
Event: 3.725 loading class java/awt/Dialog
Event: 3.725 loading class java/awt/Dialog done
Event: 3.725 loading class java/awt/Dialog$ModalityType
Event: 3.726 loading class java/awt/Dialog$ModalityType done
Event: 3.733 loading class sun/awt/TimedWindowEvent
Event: 3.734 loading class sun/awt/TimedWindowEvent done
Event: 3.734 loading class java/awt/SequencedEvent
Event: 3.734 loading class java/awt/SequencedEvent done
Event: 3.734 loading class java/awt/SequencedEvent$1
Event: 3.734 loading class sun/awt/AWTAccessor$SequencedEventAccessor
Event: 3.734 loading class sun/awt/AWTAccessor$SequencedEventAccessor done
Event: 3.734 loading class java/awt/SequencedEvent$1 done
Event: 3.749 loading class sun/awt/windows/WGlobalCursorManager
Event: 3.749 loading class sun/awt/GlobalCursorManager
Event: 3.749 loading class sun/awt/GlobalCursorManager done
Event: 3.749 loading class sun/awt/windows/WGlobalCursorManager done
Event: 3.749 loading class sun/awt/GlobalCursorManager$NativeUpdater
Event: 3.749 loading class sun/awt/GlobalCursorManager$NativeUpdater done
Event: 3.750 loading class java/awt/event/MouseEvent$1
Event: 3.750 loading class sun/awt/AWTAccessor$MouseEventAccessor
Event: 3.755 loading class sun/awt/AWTAccessor$MouseEventAccessor done
Event: 3.755 loading class java/awt/event/MouseEvent$1 done
Event: 3.756 loading class java/awt/Cursor$CursorDisposer
Event: 3.756 loading class java/awt/Cursor$CursorDisposer done
Event: 3.759 loading class Main$init$1$1
Event: 3.759 loading class Main$init$1$1 done
Event: 3.759 loading class java/awt/event/WindowAdapter
Event: 3.759 loading class java/awt/event/WindowAdapter done
Event: 3.760 loading class java/util/IdentityHashMap$KeySet
Event: 3.760 loading class java/util/IdentityHashMap$KeySet done
Event: 3.760 loading class java/util/IdentityHashMap$KeyIterator
Event: 3.760 loading class java/util/IdentityHashMap$KeyIterator done
Event: 3.760 loading class java/util/LinkedList$ListItr
Event: 3.760 loading class java/util/LinkedList$ListItr done
Event: 3.760 loading class javax/swing/RepaintManager$2$1
Event: 3.760 loading class javax/swing/RepaintManager$2$1 done
Event: 3.760 loading class javax/swing/RepaintManager$4
Event: 3.760 loading class javax/swing/RepaintManager$4 done
Event: 3.761 loading class sun/java2d/d3d/D3DSurfaceData$1Status
Event: 3.761 loading class sun/java2d/d3d/D3DSurfaceData$1Status done
Event: 3.761 loading class sun/java2d/d3d/D3DSurfaceData$1
Event: 3.761 loading class sun/java2d/d3d/D3DSurfaceData$1 done
Event: 3.762 loading class sun/java2d/pipe/BufferedPaints
Event: 3.762 loading class sun/java2d/pipe/BufferedPaints done
Event: 3.763 Thread 0x0000000020111000 Thread added: 0x0000000020111000
Event: 3.763 loading class java/awt/GraphicsCallback$PaintCallback
Event: 3.763 loading class java/awt/GraphicsCallback
Event: 3.763 loading class sun/awt/SunGraphicsCallback
Event: 3.763 loading class sun/awt/SunGraphicsCallback done
Event: 3.763 loading class java/awt/GraphicsCallback done
Event: 3.763 loading class java/awt/GraphicsCallback$PaintCallback done
Event: 3.764 loading class sun/awt/image/BufferedImageGraphicsConfig
Event: 3.764 loading class sun/awt/image/BufferedImageGraphicsConfig done
Event: 3.764 loading class sun/print/PrinterGraphicsConfig
Event: 3.764 loading class sun/print/PrinterGraphicsConfig done
Event: 3.764 loading class sun/java2d/d3d/D3DVolatileSurfaceManager
Event: 3.764 loading class sun/java2d/d3d/D3DVolatileSurfaceManager done
Event: 3.769 loading class javax/swing/TimerQueue
Event: 3.773 loading class javax/swing/TimerQueue done
Event: 3.773 loading class java/util/concurrent/DelayQueue
Event: 3.773 loading class java/util/concurrent/BlockingQueue
Event: 3.773 loading class java/util/concurrent/BlockingQueue done
Event: 3.773 loading class java/util/AbstractQueue
Event: 3.773 loading class java/util/AbstractQueue done
Event: 3.773 loading class java/util/concurrent/DelayQueue done
Event: 3.773 loading class java/util/PriorityQueue
Event: 3.774 loading class java/util/PriorityQueue done
Event: 3.774 loading class javax/swing/TimerQueue$1
Event: 3.774 loading class javax/swing/TimerQueue$1 done
Event: 3.774 Thread 0x0000000020111800 Thread added: 0x0000000020111800
Event: 3.774 loading class javax/swing/TimerQueue$DelayedTimer
Event: 3.774 loading class java/util/concurrent/Delayed
Event: 3.775 loading class java/util/concurrent/Delayed done
Event: 3.775 loading class javax/swing/TimerQueue$DelayedTimer done
Event: 3.775 loading class java/util/concurrent/TimeUnit
Event: 3.775 loading class java/util/concurrent/TimeUnit done
Event: 3.775 loading class java/util/concurrent/TimeUnit$1
Event: 3.775 loading class java/util/concurrent/TimeUnit$1 done
Event: 3.775 loading class java/util/concurrent/TimeUnit$2
Event: 3.775 loading class java/util/concurrent/TimeUnit$2 done
Event: 3.775 loading class java/util/concurrent/TimeUnit$3
Event: 3.775 loading class java/util/concurrent/TimeUnit$3 done
Event: 3.775 loading class java/util/concurrent/TimeUnit$4
Event: 3.775 loading class java/util/concurrent/TimeUnit$4 done
Event: 3.775 loading class java/util/concurrent/TimeUnit$5
Event: 3.775 loading class java/util/concurrent/TimeUnit$5 done
Event: 3.775 loading class java/util/concurrent/TimeUnit$6
Event: 3.775 loading class java/util/concurrent/TimeUnit$6 done
Event: 3.775 loading class java/util/concurrent/TimeUnit$7
Event: 3.775 loading class java/util/concurrent/TimeUnit$7 done
Event: 3.775 loading class sun/awt/image/MultiResolutionImage
Event: 3.779 loading class sun/awt/image/MultiResolutionImage done
Event: 3.779 loading class sun/awt/image/ToolkitImage
Event: 3.780 loading class sun/awt/image/ToolkitImage done
Event: 3.780 loading class sun/java2d/d3d/D3DSurfaceDataProxy
Event: 3.780 loading class sun/java2d/d3d/D3DSurfaceDataProxy done
Event: 3.783 loading class java/awt/EventQueue$4
Event: 3.783 loading class java/awt/EventQueue$4 done
Event: 3.786 loading class java/awt/DefaultKeyboardFocusManager$DefaultKeyboardFocusManagerSentEvent
Event: 3.786 loading class java/awt/SentEvent
Event: 3.786 loading class java/awt/SentEvent done
Event: 3.786 loading class java/awt/DefaultKeyboardFocusManager$DefaultKeyboardFocusManagerSentEvent done
Event: 3.786 loading class java/util/ArrayList$ListItr
Event: 3.787 loading class java/util/ArrayList$ListItr done
Event: 3.787 Executing VM operation: Deoptimize
Event: 3.787 Executing VM operation: Deoptimize done
Event: 3.787 loading class sun/awt/CausedFocusEvent$Cause
Event: 3.787 loading class sun/awt/CausedFocusEvent$Cause done
Event: 3.787 loading class java/awt/KeyboardFocusManager$HeavyweightFocusRequest
Event: 3.787 loading class java/awt/KeyboardFocusManager$HeavyweightFocusRequest done
Event: 3.787 loading class java/awt/DefaultKeyboardFocusManager$TypeAheadMarker
Event: 3.788 loading class java/awt/DefaultKeyboardFocusManager$TypeAheadMarker done
Event: 3.788 loading class java/awt/KeyboardFocusManager$LightweightFocusRequest
Event: 3.788 loading class java/awt/KeyboardFocusManager$LightweightFocusRequest done
Event: 3.788 loading class sun/awt/CausedFocusEvent
Event: 3.788 loading class sun/awt/CausedFocusEvent done
Event: 3.790 loading class java/awt/Event
Event: 3.791 loading class java/awt/Event done
Event: 3.791 loading class java/awt/event/MouseWheelEvent
Event: 3.791 loading class java/awt/event/MouseWheelEvent done
Event: 3.791 loading class java/awt/TextComponent
Event: 3.791 loading class java/awt/TextComponent done
Event: 3.791 loading class javax/swing/text/JTextComponent
Event: 3.798 loading class javax/swing/Scrollable
Event: 3.798 loading class javax/swing/Scrollable done
Event: 3.798 loading class javax/swing/text/JTextComponent done
Event: 3.798 loading class java/awt/AWTEvent$2
Event: 3.801 loading class java/awt/AWTEvent$2 done
Event: 3.801 loading class sun/reflect/UnsafeBooleanFieldAccessorImpl
Event: 3.801 loading class sun/reflect/UnsafeBooleanFieldAccessorImpl done
Event: 3.804 loading class java/awt/KeyboardFocusManager$3
Event: 3.804 loading class java/awt/KeyboardFocusManager$3 done
Event: 3.805 loading class java/awt/im/InputContext
Event: 3.805 loading class java/awt/im/InputContext done
Event: 3.805 loading class sun/awt/im/InputMethodContext
Event: 3.807 loading class java/awt/im/spi/InputMethodContext
Event: 3.807 loading class java/awt/im/InputMethodRequests
Event: 3.807 loading class java/awt/im/InputMethodRequests done
Event: 3.807 loading class java/awt/im/spi/InputMethodContext done
Event: 3.807 loading class sun/awt/im/InputContext
Event: 3.808 loading class sun/awt/im/InputContext done
Event: 3.808 loading class sun/awt/im/InputMethodContext done
Event: 3.809 loading class sun/awt/windows/WInputMethod
Event: 3.809 loading class sun/awt/im/InputMethodAdapter
Event: 3.809 loading class java/awt/im/spi/InputMethod
Event: 3.809 loading class java/awt/im/spi/InputMethod done
Event: 3.809 loading class sun/awt/im/InputMethodAdapter done
Event: 3.809 loading class sun/awt/windows/WInputMethod done
Event: 3.810 loading class sun/util/locale/ParseStatus
Event: 3.810 loading class sun/util/locale/ParseStatus done
Event: 3.810 loading class sun/util/locale/StringTokenIterator
Event: 3.810 loading class sun/util/locale/StringTokenIterator done
Event: 3.810 loading class sun/util/locale/InternalLocaleBuilder
Event: 3.810 loading class sun/util/locale/InternalLocaleBuilder done
Event: 3.810 loading class sun/util/locale/InternalLocaleBuilder$CaseInsensitiveChar
Event: 3.810 loading class sun/util/locale/InternalLocaleBuilder$CaseInsensitiveChar done
Event: 3.817 loading class sun/awt/im/CompositionAreaHandler
Event: 3.827 loading class sun/awt/im/CompositionAreaHandler done
Event: 3.828 loading class java/text/AttributedString
Event: 3.828 loading class java/text/AttributedString done
Event: 3.828 loading class java/text/AttributedString$AttributedStringIterator
Event: 3.828 loading class java/text/AttributedCharacterIterator
Event: 3.828 loading class java/text/CharacterIterator
Event: 3.828 loading class java/text/CharacterIterator done
Event: 3.828 loading class java/text/AttributedCharacterIterator done
Event: 3.828 loading class java/text/AttributedString$AttributedStringIterator done
Event: 3.828 loading class javax/swing/MenuSelectionManager
Event: 3.829 loading class javax/swing/MenuSelectionManager done
Event: 3.904 loading class javax/swing/Timer$1
Event: 3.909 loading class javax/swing/Timer$1 done
Event: 3.910 loading class org/cef/browser/CefBrowserWr$1$1
Event: 3.910 loading class org/cef/browser/CefBrowserWr$1$1 done


Dynamic libraries:
0x00007ff777890000 - 0x00007ff77791b000 	E:\program_langeage\java-1.8.0.212-openjdk\bin\java.exe
0x00007ff9cca20000 - 0x00007ff9ccc10000 	C:\Windows\SYSTEM32\ntdll.dll
0x00007ff9cc310000 - 0x00007ff9cc3c2000 	C:\Windows\System32\KERNEL32.DLL
0x00007ff9c9b40000 - 0x00007ff9c9de3000 	C:\Windows\System32\KERNELBASE.dll
0x00007ff9cb9f0000 - 0x00007ff9cba93000 	C:\Windows\System32\ADVAPI32.dll
0x00007ff9cbcd0000 - 0x00007ff9cbd6e000 	C:\Windows\System32\msvcrt.dll
0x00007ff9cc940000 - 0x00007ff9cc9d7000 	C:\Windows\System32\sechost.dll
0x00007ff9cbaa0000 - 0x00007ff9cbbc0000 	C:\Windows\System32\RPCRT4.dll
0x00007ff9cc590000 - 0x00007ff9cc724000 	C:\Windows\System32\USER32.dll
0x00007ff9c9e40000 - 0x00007ff9c9e61000 	C:\Windows\System32\win32u.dll
0x00007ff9cbd70000 - 0x00007ff9cbd96000 	C:\Windows\System32\GDI32.dll
0x00007ff9ca6f0000 - 0x00007ff9ca884000 	C:\Windows\System32\gdi32full.dll
0x00007ff9caa30000 - 0x00007ff9caace000 	C:\Windows\System32\msvcp_win.dll
0x00007ff9ca5f0000 - 0x00007ff9ca6ea000 	C:\Windows\System32\ucrtbase.dll
0x00007ff9b8ab0000 - 0x00007ff9b8d35000 	C:\Windows\WinSxS\amd64_microsoft.windows.common-controls_6595b64144ccf1df_6.0.18362.778_none_e6c6b761130d4fb8\COMCTL32.dll
0x00007ff9cbf20000 - 0x00007ff9cc256000 	C:\Windows\System32\combase.dll
0x00007ff9c99b0000 - 0x00007ff9c9a30000 	C:\Windows\System32\bcryptPrimitives.dll
0x00007ff9cc7b0000 - 0x00007ff9cc7de000 	C:\Windows\System32\IMM32.DLL
0x0000000060410000 - 0x00000000604e2000 	E:\program_langeage\java-1.8.0.212-openjdk\jre\bin\msvcr100.dll
0x000000005fb40000 - 0x0000000060401000 	E:\program_langeage\java-1.8.0.212-openjdk\jre\bin\server\jvm.dll
0x00007ff9cc3d0000 - 0x00007ff9cc3d8000 	C:\Windows\System32\PSAPI.DLL
0x00007ff9c1a80000 - 0x00007ff9c1a89000 	C:\Windows\SYSTEM32\WSOCK32.dll
0x00007ff9b8e90000 - 0x00007ff9b8eb4000 	C:\Windows\SYSTEM32\WINMM.dll
0x00007ff9c4d10000 - 0x00007ff9c4d1a000 	C:\Windows\SYSTEM32\VERSION.dll
0x00007ff9cbbe0000 - 0x00007ff9cbc4f000 	C:\Windows\System32\WS2_32.dll
0x00007ff9b8900000 - 0x00007ff9b892d000 	C:\Windows\SYSTEM32\WINMMBASE.dll
0x00007ff9c9df0000 - 0x00007ff9c9e3a000 	C:\Windows\System32\cfgmgr32.dll
0x00007ff9bb640000 - 0x00007ff9bb64f000 	E:\program_langeage\java-1.8.0.212-openjdk\jre\bin\verify.dll
0x00007ff9b3780000 - 0x00007ff9b37a9000 	E:\program_langeage\java-1.8.0.212-openjdk\jre\bin\java.dll
0x00007ff974f20000 - 0x00007ff974f43000 	E:\program_langeage\java-1.8.0.212-openjdk\jre\bin\instrument.dll
0x00007ff9bb620000 - 0x00007ff9bb636000 	E:\program_langeage\java-1.8.0.212-openjdk\jre\bin\zip.dll
0x00007ff9cb300000 - 0x00007ff9cb9e5000 	C:\Windows\System32\SHELL32.dll
0x00007ff9cc260000 - 0x00007ff9cc309000 	C:\Windows\System32\shcore.dll
0x00007ff9c9e70000 - 0x00007ff9ca5f0000 	C:\Windows\System32\windows.storage.dll
0x00007ff9c98f0000 - 0x00007ff9c9913000 	C:\Windows\System32\profapi.dll
0x00007ff9c9920000 - 0x00007ff9c996a000 	C:\Windows\System32\powrprof.dll
0x00007ff9c98e0000 - 0x00007ff9c98f0000 	C:\Windows\System32\UMPDC.dll
0x00007ff9cbc60000 - 0x00007ff9cbcb2000 	C:\Windows\System32\shlwapi.dll
0x00007ff9c9970000 - 0x00007ff9c9981000 	C:\Windows\System32\kernel.appcore.dll
0x00007ff9ca890000 - 0x00007ff9ca8a7000 	C:\Windows\System32\cryptsp.dll
0x00007ff974f00000 - 0x00007ff974f1a000 	E:\Developer_Tools\IDEA\IntelliJ IDEA 2019\IntelliJ IDEA 2019.1\bin\breakgen64.dll
0x00007ff9b38d0000 - 0x00007ff9b38ea000 	E:\program_langeage\java-1.8.0.212-openjdk\jre\bin\net.dll
0x00007ff9bb320000 - 0x00007ff9bb4f5000 	C:\Windows\SYSTEM32\urlmon.dll
0x00007ff9ba3e0000 - 0x00007ff9ba686000 	C:\Windows\SYSTEM32\iertutil.dll
0x00007ff9c9280000 - 0x00007ff9c928c000 	C:\Windows\SYSTEM32\CRYPTBASE.DLL
0x00007ff9c9100000 - 0x00007ff9c9167000 	C:\Windows\system32\mswsock.dll
0x00007ff9b3760000 - 0x00007ff9b3771000 	E:\program_langeage\java-1.8.0.212-openjdk\jre\bin\nio.dll
0x00007ff9a5cb0000 - 0x00007ff9a5cb7000 	E:\program_langeage\java-1.8.0.212-openjdk\jre\bin\jawt.dll
0x00007ff9756b0000 - 0x00007ff97584c000 	E:\Developer_Tools\IDEA\IntelliJ IDEA 2019\IntelliJ IDEA 2019.1\jre64\bin\awt.dll
0x00007ff9cbe50000 - 0x00007ff9cbf14000 	C:\Windows\System32\OLEAUT32.dll
0x00007ff9c6670000 - 0x00007ff9c6c30000 	C:\Windows\SYSTEM32\d2d1.dll
0x00007ff9c7b20000 - 0x00007ff9c7baf000 	C:\Windows\SYSTEM32\apphelp.dll
0x00007ff974e50000 - 0x00007ff974f00000 	C:\Users\\AppData\Local\Temp\org.github.doraig.jcef.amd64\chrome_elf.dll
0x00007ff93e850000 - 0x00007ff944e1e000 	C:\Users\\AppData\Local\Temp\org.github.doraig.jcef.amd64\libcef.dll
0x00007ff9cc7e0000 - 0x00007ff9cc937000 	C:\Windows\System32\ole32.dll
0x00007ff9c8e20000 - 0x00007ff9c8e5a000 	C:\Windows\SYSTEM32\IPHLPAPI.DLL
0x00007ff9cafa0000 - 0x00007ff9cb070000 	C:\Windows\System32\COMDLG32.dll
0x00007ff9badc0000 - 0x00007ff9badcc000 	C:\Windows\SYSTEM32\Secur32.dll
0x00007ff9ca8e0000 - 0x00007ff9caa29000 	C:\Windows\System32\CRYPT32.dll
0x00007ff9c9990000 - 0x00007ff9c99a2000 	C:\Windows\System32\MSASN1.dll
0x00007ff9c84b0000 - 0x00007ff9c84be000 	C:\Windows\SYSTEM32\HID.DLL
0x00007ff9c9800000 - 0x00007ff9c9825000 	C:\Windows\SYSTEM32\USERENV.dll
0x00007ff9c6160000 - 0x00007ff9c624f000 	C:\Windows\SYSTEM32\PROPSYS.dll
0x00007ff9c8210000 - 0x00007ff9c823d000 	C:\Windows\SYSTEM32\dwmapi.dll
0x00007ff9afd50000 - 0x00007ff9b004e000 	C:\Windows\SYSTEM32\DWrite.dll
0x00007ff9c2db0000 - 0x00007ff9c2fa4000 	C:\Windows\SYSTEM32\dbghelp.dll
0x00007ff9978b0000 - 0x00007ff9978c9000 	C:\Windows\SYSTEM32\USP10.dll
0x00007ff9c85a0000 - 0x00007ff9c868b000 	C:\Windows\SYSTEM32\dxgi.dll
0x00007ff9c1e40000 - 0x00007ff9c2007000 	C:\Windows\SYSTEM32\d3d9.dll
0x00007ff997650000 - 0x00007ff997673000 	C:\Windows\SYSTEM32\dxva2.dll
0x00007ff9c6c60000 - 0x00007ff9c6ebb000 	C:\Windows\SYSTEM32\d3d11.dll
0x00007ff997630000 - 0x00007ff997641000 	C:\Windows\SYSTEM32\credui.dll
0x00007ff9c2190000 - 0x00007ff9c2219000 	C:\Windows\SYSTEM32\WINSPOOL.DRV
0x00007ff9ca8b0000 - 0x00007ff9ca8d6000 	C:\Windows\System32\bcrypt.dll
0x00007ff9c2a30000 - 0x00007ff9c2b20000 	C:\Windows\SYSTEM32\WINHTTP.dll
0x00007ff9b4500000 - 0x00007ff9b454b000 	C:\Windows\SYSTEM32\CRYPTUI.dll
0x00007ff9b1c20000 - 0x00007ff9b1c2b000 	C:\Windows\SYSTEM32\msdmo.dll
0x00007ff9c9400000 - 0x00007ff9c9426000 	C:\Windows\SYSTEM32\ncrypt.dll
0x00007ff9c44b0000 - 0x00007ff9c44cc000 	C:\Windows\SYSTEM32\dhcpcsvc.DLL
0x00007ff9c5480000 - 0x00007ff9c5493000 	C:\Windows\SYSTEM32\WTSAPI32.dll
0x00007ff9cbc50000 - 0x00007ff9cbc58000 	C:\Windows\System32\NSI.dll
0x00007ff9ba900000 - 0x00007ff9ba917000 	C:\Windows\SYSTEM32\NETAPI32.dll
0x00007ff9c24b0000 - 0x00007ff9c2515000 	C:\Windows\SYSTEM32\OLEACC.dll
0x00007ff9c93c0000 - 0x00007ff9c93fb000 	C:\Windows\SYSTEM32\NTASN1.dll
0x00007ff9c8580000 - 0x00007ff9c85a0000 	C:\Windows\SYSTEM32\dxcore.dll
0x00007ff9c97d0000 - 0x00007ff9c97ff000 	C:\Windows\SYSTEM32\SSPICLI.DLL
0x00007ff9c8f30000 - 0x00007ff9c8f3c000 	C:\Windows\SYSTEM32\NETUTILS.DLL
0x00007ff9c28a0000 - 0x00007ff9c28b8000 	C:\Windows\SYSTEM32\SAMCLI.DLL
0x00007ff974d60000 - 0x00007ff974e45000 	C:\Users\\AppData\Local\Temp\org.github.doraig.jcef.amd64\jcef.dll
0x00007ff9627f0000 - 0x00007ff9629dd000 	E:\program_langeage\java-1.8.0.212-openjdk\jre\bin\awt.dll
0x00007ff9c7c20000 - 0x00007ff9c7cb9000 	C:\Windows\system32\uxtheme.dll
0x00007ff9cc450000 - 0x00007ff9cc586000 	C:\Windows\System32\MSCTF.dll
0x00007ff9c4880000 - 0x00007ff9c489c000 	C:\Windows\system32\NLAapi.dll
0x00007ff9c44d0000 - 0x00007ff9c44e6000 	C:\Windows\SYSTEM32\dhcpcsvc6.DLL
0x00007ff9c8e60000 - 0x00007ff9c8f2a000 	C:\Windows\SYSTEM32\DNSAPI.dll
0x00007ff9c4bb0000 - 0x00007ff9c4d0d000 	C:\Windows\system32\audioses.dll
0x00007ff9c4ad0000 - 0x00007ff9c4b42000 	C:\Windows\system32\MMDevAPI.DLL
0x00007ff9c58a0000 - 0x00007ff9c59f3000 	C:\Windows\SYSTEM32\wintypes.dll
0x00007ff9c96e0000 - 0x00007ff9c970a000 	C:\Windows\system32\DEVOBJ.dll
0x00007ff9cbda0000 - 0x00007ff9cbe42000 	C:\Windows\System32\clbcatq.dll
0x00007ff9b0640000 - 0x00007ff9b06ee000 	C:\Windows\SYSTEM32\mscms.dll
0x00007ff9b0620000 - 0x00007ff9b0637000 	C:\Windows\SYSTEM32\ColorAdapterClient.dll
0x00007ff9c30d0000 - 0x00007ff9c3139000 	C:\Windows\system32\wlanapi.dll
0x00007ff97fc40000 - 0x00007ff97fd96000 	C:\Windows\system32\opengl32.dll
0x00007ff97fc10000 - 0x00007ff97fc3c000 	C:\Windows\SYSTEM32\GLU32.dll
0x00007ff9b0110000 - 0x00007ff9b01ff000 	C:\Windows\System32\DriverStore\FileRepository\nv_dispi.inf_amd64_e0a5a1b06de180e3\nvldumdx.dll
0x00007ff9c4130000 - 0x00007ff9c415f000 	C:\Windows\SYSTEM32\cryptnet.dll
0x00007ff9c9ae0000 - 0x00007ff9c9b3c000 	C:\Windows\System32\WINTRUST.DLL
0x00007ff9cbbc0000 - 0x00007ff9cbbdd000 	C:\Windows\System32\imagehlp.dll
0x00007ff9c8c80000 - 0x00007ff9c8cb3000 	C:\Windows\system32\rsaenh.dll
0x00007ff95eb30000 - 0x00007ff960053000 	C:\Windows\System32\DriverStore\FileRepository\nv_dispi.inf_amd64_e0a5a1b06de180e3\nvd3dumx.dll
0x00007ff9af550000 - 0x00007ff9af814000 	C:\Windows\system32\nvspcap64.dll
0x00007ff9c8900000 - 0x00007ff9c8931000 	C:\Windows\SYSTEM32\ntmarta.dll
0x00007ff9c84c0000 - 0x00007ff9c84e2000 	C:\Windows\SYSTEM32\gpapi.dll
0x00007ff95bfb0000 - 0x00007ff95c053000 	E:\program_langeage\java-1.8.0.212-openjdk\jre\bin\freetype.dll
0x00007ff974ce0000 - 0x00007ff974d29000 	E:\program_langeage\java-1.8.0.212-openjdk\jre\bin\fontmanager.dll
0x00007ff9b0a20000 - 0x00007ff9b0abe000 	C:\Windows\System32\TextInputFramework.dll
0x00007ff9b0f20000 - 0x00007ff9b124a000 	C:\Windows\System32\CoreUIComponents.dll
0x00007ff9c7500000 - 0x00007ff9c75d4000 	C:\Windows\System32\CoreMessaging.dll

VM Arguments:
jvm_args: -javaagent:E:\Developer_Tools\IDEA\IntelliJ IDEA 2019\IntelliJ IDEA 2019.1\lib\idea_rt.jar=50272:E:\Developer_Tools\IDEA\IntelliJ IDEA 2019\IntelliJ IDEA 2019.1\bin -Dfile.encoding=UTF-8 
java_command: Main
java_class_path (initial): E:\program_langeage\java-1.8.0.212-openjdk\jre\lib\charsets.jar;E:\program_langeage\java-1.8.0.212-openjdk\jre\lib\ext\access-bridge-64.jar;E:\program_langeage\java-1.8.0.212-openjdk\jre\lib\ext\cldrdata.jar;E:\program_langeage\java-1.8.0.212-openjdk\jre\lib\ext\dnsns.jar;E:\program_langeage\java-1.8.0.212-openjdk\jre\lib\ext\jaccess.jar;E:\program_langeage\java-1.8.0.212-openjdk\jre\lib\ext\localedata.jar;E:\program_langeage\java-1.8.0.212-openjdk\jre\lib\ext\nashorn.jar;E:\program_langeage\java-1.8.0.212-openjdk\jre\lib\ext\sunec.jar;E:\program_langeage\java-1.8.0.212-openjdk\jre\lib\ext\sunjce_provider.jar;E:\program_langeage\java-1.8.0.212-openjdk\jre\lib\ext\sunmscapi.jar;E:\program_langeage\java-1.8.0.212-openjdk\jre\lib\ext\sunpkcs11.jar;E:\program_langeage\java-1.8.0.212-openjdk\jre\lib\ext\zipfs.jar;E:\program_langeage\java-1.8.0.212-openjdk\jre\lib\jce.jar;E:\program_langeage\java-1.8.0.212-openjdk\jre\lib\jsse.jar;E:\program_langeage\java-1.8.0.212-openjdk\jre\lib\management-agent.jar;E:\program_langeage\java-1.8.0.212-openjdk\jre\lib\resources.jar;E:\program_langeage\java-1.8.0.212-openjdk\jre\lib\rt.jar;E:\Project\Game\SimpleTowerDefense\build\classes\kotlin\main;E:\Developer_Tools\Gradle\DataSource\caches\modules-2\files-2.1\org.apache.logging.log4j\log4j-core\2.13.2\8eb1fc1914eb2550bf3ddea26917c9a7cbb00593\log4j-core-2.13.2.jar;E:\Developer_Tools\Gradle\DataSource\caches\modules-2\files-2.1\org.apache.logging.log4j\log4j-api\2.13.2\567ea514dedd8679c429c5b5b39b0d67b6464c3c\log4j-api-2.13.2.jar;E:\Developer_Tools\Gradle\DataSource\caches\modules-2\files-2.1\com.alibaba\fastjson\1.2.68\9e3d29f05bcfab1c15a1357ebf2dd513c1d42f49\fastjson-1.2.68.jar;E:\Developer_Tools\Gradle\DataSource\caches\modules-2\files-2.1\com.github.doraig\jcef\78.1-win64\577e9943e2f3d1c24769ca47ed4b03fa5dc0b7bf\jcef-78.1-win64.jar;E:\Developer_Tools\Gradle\DataSource\caches\modules-2\files-2.1\org.jetbrains.kotlin\kotlin-stdlib-jdk8\1.3.71\4defc79915cf4f7
Launcher Type: SUN_STANDARD

Environment Variables:
JAVA_HOME=E:\program_langeage\java_SE_jdk
PATH=E:\program_langeage\cuda\Development\bin;E:\program_langeage\cuda\Development\libnvvp;C:\Windows\system32;C:\Windows;C:\Windows\System32\Wbem;C:\Windows\System32\WindowsPowerShell\v1.0\;C:\Windows\System32\OpenSSH\;E:\Developer_Tools\Maven\apache-maven-3.6.1\bin;E:\GIT\Git\bin;E:\program_langeage\java_SE_jdk\bin;E:\Developer_Tools\Gradle\gradle-6.0.1\bin;C:\Program Files\MySQL\MySQL Server 8.0\bin;C:\Program Files\dotnet\;C:\Program Files\NVIDIA Corporation\NVIDIA NvDLISR;C:\Program Files (x86)\NVIDIA Corporation\PhysX\Common;E:\program_langeage\node.js\modules;E:\program_langeage\node.js\runtime\;C:\Program Files\NVIDIA Corporation\Nsight Compute 2019.5.0\;E:\Program Files (x86)\IncrediBuild;E:\program_langeage\javafx-sdk-11.0.2\bin;C:\Program Files\MySQL\MySQL Shell 8.0\bin\;C:\Users\\AppData\Local\Microsoft\WindowsApps;E:\Developer_Tools\VSCode\Microsoft VS Code\bin;C:\Users\\AppData\Roaming\npm;C:\Users\\AppData\Local\Programs\Microsoft VS Code\bin
USERNAME=
OS=Windows_NT
PROCESSOR_IDENTIFIER=Intel64 Family 6 Model 158 Stepping 10, GenuineIntel



---------------  S Y S T E M  ---------------

OS: Windows 10.0 , 64 bit Build 18362 (10.0.18362.778)

CPU:total 12 (initial active 12) (6 cores per cpu, 2 threads per core) family 6 model 158 stepping 10, cmov, cx8, fxsr, mmx, sse, sse2, sse3, ssse3, sse4.1, sse4.2, popcnt, avx, avx2, aes, clmul, erms, rtm, 3dnowpref, lzcnt, ht, tsc, tscinvbit, bmi1, bmi2, adx

Memory: 4k page, physical 16720000k(4168760k free), swap 37792676k(5490208k free)

vm_info: OpenJDK 64-Bit Server VM (25.212-b04) for windows-amd64 JRE (1.8.0_212-3-redhat-b04), built on Apr 23 2019 14:38:46 by "build" with MS VC++ 10.0 (VS2010)

time: Sat May 09 08:15:34 2020
timezone: 
elapsed time: 4 seconds (0d 0h 0m 4s)

